

Microchip MPLAB XC8 Assembler V2.31 build 20201012212115 
                                                                                               Sat Oct 30 13:44:23 2021

Microchip MPLAB XC8 C Compiler v2.31 (Free license) build 20201012212115 Og1 
     1                           	processor	18F4620
     2                           	fnconf	rparam,??,?,0
     3                           	pagewidth 120
     4                           	opt	flic
     5                           	psect	idataCOMRAM,global,class=CODE,delta=1,noexec
     6                           	psect	cinit,global,reloc=2,class=CODE,delta=1
     7                           	psect	bssCOMRAM,global,class=COMRAM,space=1,delta=1,lowdata,noexec
     8                           	psect	dataCOMRAM,global,class=COMRAM,space=1,delta=1,lowdata,noexec
     9                           	psect	cstackCOMRAM,global,class=COMRAM,space=1,delta=1,lowdata,noexec
    10                           	psect	text0,global,reloc=2,class=CODE,delta=1
    11                           	psect	text1,global,reloc=2,class=CODE,delta=1
    12                           	psect	text2,global,reloc=2,class=CODE,delta=1
    13                           	psect	text3,global,reloc=2,class=CODE,delta=1
    14                           	psect	text4,global,reloc=2,class=CODE,delta=1
    15                           	psect	text5,global,reloc=2,class=CODE,delta=1
    16                           	psect	intcode,global,reloc=2,class=CODE,delta=1
    17                           	psect	intcode_body,global,reloc=2,class=CODE,delta=1
    18                           	psect	intsave_regs,global,class=BIGRAM,space=1,delta=1,noexec
    19                           	psect	rparam,global,class=COMRAM,space=1,delta=1,noexec
    20                           	psect	temp,global,ovrld,common,class=COMRAM,space=1,delta=1
    21                           	psect	idloc,global,abs,ovrld,class=IDLOC,space=5,delta=1,noexec
    22                           	psect	config,global,abs,ovrld,class=CONFIG,space=4,delta=1,noexec
    23  0000                     
    24                           ; Version 2.20
    25                           ; Generated 12/02/2020 GMT
    26                           ; 
    27                           ; Copyright © 2020, Microchip Technology Inc. and its subsidiaries ("Microchip")
    28                           ; All rights reserved.
    29                           ; 
    30                           ; This software is developed by Microchip Technology Inc. and its subsidiaries ("Microch
      +                          ip").
    31                           ; 
    32                           ; Redistribution and use in source and binary forms, with or without modification, are
    33                           ; permitted provided that the following conditions are met:
    34                           ; 
    35                           ;     1. Redistributions of source code must retain the above copyright notice, this lis
      +                          t of
    36                           ;        conditions and the following disclaimer.
    37                           ; 
    38                           ;     2. Redistributions in binary form must reproduce the above copyright notice, this 
      +                          list
    39                           ;        of conditions and the following disclaimer in the documentation and/or other
    40                           ;        materials provided with the distribution.
    41                           ; 
    42                           ;     3. Microchip's name may not be used to endorse or promote products derived from th
      +                          is
    43                           ;        software without specific prior written permission.
    44                           ; 
    45                           ; THIS SOFTWARE IS PROVIDED BY MICROCHIP "AS IS" AND ANY EXPRESS OR IMPLIED WARRANTIES,
    46                           ; INCLUDING, BUT NOT LIMITED TO, THE IMPLIED WARRANTIES OF MERCHANTABILITY AND FITNESS F
      +                          OR
    47                           ; PURPOSE ARE DISCLAIMED.  IN NO EVENT SHALL MICROCHIP BE LIABLE FOR ANY DIRECT, INDIREC
      +                          T,
    48                           ; INCIDENTAL, SPECIAL, EXEMPLARY, OR CONSEQUENTIAL DAMAGES (INCLUDING BUT NOT LIMITED TO
    49                           ; PROCUREMENT OF SUBSTITUTE GOODS OR SERVICES; LOSS OF USE, DATA OR PROFITS; OR BUSINESS
    50                           ; INTERRUPTION) HOWSOEVER CAUSED AND ON ANY THEORY OF LIABILITY, WHETHER IN CONTRACT, ST
      +                          RICT
    51                           ; LIABILITY, OR TORT (INCLUDING NEGLIGENCE OR OTHERWISE) ARISING IN ANY WAY OUT OF THE U
      +                          SE OF
    52                           ; THIS SOFTWARE, EVEN IF ADVISED OF THE POSSIBILITY OF SUCH DAMAGE.
    53                           ; 
    54                           ; 
    55                           ; Code-generator required, PIC18F4620 Definitions
    56                           ; 
    57                           ; SFR Addresses
    58  0000                     
    59                           	psect	idataCOMRAM
    60  000130                     __pidataCOMRAM:
    61                           	callstack 0
    62                           
    63                           ;initializer for _current_func_set
    64  000130  30                 	db	48
    65                           
    66                           ;initializer for _current_entry_mode
    67  000131  06                 	db	6
    68                           
    69                           ;initializer for _disp_16x2
    70  000132  01                 	db	1
    71                           
    72                           ;initializer for _current_disp_ctrl
    73  000133  08                 	db	8
    74  0000                     _CCPR2	set	4027
    75  0000                     _T3CON	set	4017
    76  0000                     _T1CON	set	4045
    77  0000                     _TRISA	set	3986
    78  0000                     _LATDbits	set	3980
    79  0000                     _SSPBUF	set	4041
    80  0000                     _TRISDbits	set	3989
    81  0000                     _SSPSTAT	set	4039
    82  0000                     _SSPCON1	set	4038
    83  0000                     _SSPCON1bits	set	4038
    84  0000                     _PORTD	set	3971
    85  0000                     _TRISC	set	3988
    86  0000                     _PORTDbits	set	3971
    87  0000                     _TRISD	set	3989
    88  0000                     _LATCbits	set	3979
    89  0000                     _CCP2CON	set	4026
    90  0000                     _INTCONbits	set	4082
    91  0000                     _ADCON1bits	set	4033
    92  0000                     _TRISEbits	set	3990
    93  0000                     _PORTE	set	3972
    94  0000                     _PIE2bits	set	4000
    95  0000                     _PIR2bits	set	4001
    96  0000                     _PIE1bits	set	3997
    97  0000                     _PIR1bits	set	3998
    98                           
    99                           ; #config settings
   100                           
   101                           	psect	cinit
   102  00007A                     __pcinit:
   103                           	callstack 0
   104  00007A                     start_initialization:
   105                           	callstack 0
   106  00007A                     __initialization:
   107                           	callstack 0
   108                           
   109                           ; Initialize objects allocated to COMRAM (4 bytes)
   110                           ; load TBLPTR registers with __pidataCOMRAM
   111  00007A  0E30               	movlw	low __pidataCOMRAM
   112  00007C  6EF6               	movwf	tblptrl,c
   113  00007E  0E01               	movlw	high __pidataCOMRAM
   114  000080  6EF7               	movwf	tblptrh,c
   115  000082  0E00               	movlw	low (__pidataCOMRAM shr (0+16))
   116  000084  6EF8               	movwf	tblptru,c
   117  000086  EE00  F00B         	lfsr	0,__pdataCOMRAM
   118  00008A  EE10 F004          	lfsr	1,4
   119  00008E                     copy_data0:
   120  00008E  0009               	tblrd		*+
   121  000090  CFF5 FFEE          	movff	tablat,postinc0
   122  000094  50E5               	movf	postdec1,w,c
   123  000096  50E1               	movf	fsr1l,w,c
   124  000098  E1FA               	bnz	copy_data0
   125                           
   126                           ; Clear objects allocated to COMRAM (10 bytes)
   127  00009A  EE00  F001         	lfsr	0,__pbssCOMRAM
   128  00009E  0E0A               	movlw	10
   129  0000A0                     clear_0:
   130  0000A0  6AEE               	clrf	postinc0,c
   131  0000A2  06E8               	decf	wreg,f,c
   132  0000A4  E1FD               	bnz	clear_0
   133  0000A6                     end_of_initialization:
   134                           	callstack 0
   135  0000A6                     __end_of__initialization:
   136                           	callstack 0
   137  0000A6  9013               	bcf	int$flags,0,c	;clear compiler interrupt flag (level 1)
   138  0000A8  9213               	bcf	int$flags,1,c	;clear compiler interrupt flag (level 2)
   139  0000AA  0E00               	movlw	low (__Lmediumconst shr (0+16))
   140  0000AC  6EF8               	movwf	tblptru,c
   141  0000AE  0100               	movlb	0
   142  0000B0  EF5A  F000         	goto	_main	;jump to C main() function
   143                           
   144                           	psect	bssCOMRAM
   145  000001                     __pbssCOMRAM:
   146                           	callstack 0
   147  000001                     _manual_transfer:
   148                           	callstack 0
   149  000001                     	ds	1
   150  000002                     _slave_mode:
   151                           	callstack 0
   152  000002                     	ds	1
   153  000003                     _receive_byte:
   154                           	callstack 0
   155  000003                     	ds	1
   156  000004                     _address_counter:
   157                           	callstack 0
   158  000004                     	ds	1
   159  000005                     	ds	1
   160  000006                     _init_complete:
   161                           	callstack 0
   162  000006                     	ds	1
   163  000007                     _spi_ready_to_tx:
   164                           	callstack 0
   165  000007                     	ds	1
   166  000008                     	ds	1
   167  000009                     _tmr_100ms_next:
   168                           	callstack 0
   169  000009                     	ds	1
   170  00000A                     _transfer_complete_flag:
   171                           	callstack 0
   172  00000A                     	ds	1
   173                           
   174                           	psect	dataCOMRAM
   175  00000B                     __pdataCOMRAM:
   176                           	callstack 0
   177  00000B                     _current_func_set:
   178                           	callstack 0
   179  00000B                     	ds	1
   180  00000C                     _current_entry_mode:
   181                           	callstack 0
   182  00000C                     	ds	1
   183  00000D                     	ds	1
   184  00000E                     _current_disp_ctrl:
   185                           	callstack 0
   186  00000E                     	ds	1
   187                           
   188                           	psect	cstackCOMRAM
   189  00000F                     __pcstackCOMRAM:
   190                           	callstack 0
   191  00000F                     CCP2_Compare_Val@comp_val:
   192                           	callstack 0
   193                           
   194                           ; 2 bytes @ 0x0
   195  00000F                     	ds	2
   196  000011                     Timer1_Init_Default@period_val:
   197                           	callstack 0
   198                           
   199                           ; 2 bytes @ 0x2
   200  000011                     	ds	2
   201  000013                     
   202                           ; 1 bytes @ 0x4
   203 ;;
   204 ;;Main: autosize = 0, tempsize = 0, incstack = 0, save=0
   205 ;;
   206 ;; *************** function _main *****************
   207 ;; Defined at:
   208 ;;		line 125 in file "main.c"
   209 ;; Parameters:    Size  Location     Type
   210 ;;		None
   211 ;; Auto vars:     Size  Location     Type
   212 ;;		None
   213 ;; Return value:  Size  Location     Type
   214 ;;                  1    wreg      void 
   215 ;; Registers used:
   216 ;;		wreg, status,2, status,0, cstack
   217 ;; Tracked objects:
   218 ;;		On entry : 0/0
   219 ;;		On exit  : 0/0
   220 ;;		Unchanged: 0/0
   221 ;; Data sizes:     COMRAM   BANK0   BANK1   BANK2   BANK3   BANK4   BANK5   BANK6   BANK7   BANK8   BANK9  BANK10  BANK1
      +1  BANK12  BANK13  BANK14  BANK15
   222 ;;      Params:         0       0       0       0       0       0       0       0       0       0       0       0       
      +0       0       0       0       0
   223 ;;      Locals:         0       0       0       0       0       0       0       0       0       0       0       0       
      +0       0       0       0       0
   224 ;;      Temps:          0       0       0       0       0       0       0       0       0       0       0       0       
      +0       0       0       0       0
   225 ;;      Totals:         0       0       0       0       0       0       0       0       0       0       0       0       
      +0       0       0       0       0
   226 ;;Total ram usage:        0 bytes
   227 ;; Hardware stack levels required when called:    3
   228 ;; This function calls:
   229 ;;		_SPI_Init_Master_Default
   230 ;;		_Timer1_Enable
   231 ;;		_Timer1_Init_Default
   232 ;; This function is called by:
   233 ;;		Startup code after reset
   234 ;; This function uses a non-reentrant model
   235 ;;
   236                           
   237                           	psect	text0
   238  0000B4                     __ptext0:
   239                           	callstack 0
   240  0000B4                     _main:
   241                           	callstack 28
   242  0000B4                     
   243                           ;main.c: 128:     SPI_Init_Master_Default();
   244  0000B4  EC71  F000         	call	_SPI_Init_Master_Default	;wreg free
   245  0000B8                     
   246                           ;main.c: 130:     PORTE = 0x00;
   247  0000B8  0E00               	movlw	0
   248  0000BA  6E84               	movwf	132,c	;volatile
   249  0000BC                     
   250                           ;main.c: 131:     TRISEbits.RE0 = 1u;;
   251  0000BC  8096               	bsf	150,0,c	;volatile
   252  0000BE                     
   253                           ;main.c: 132:     TRISEbits.RE1 = 1u;;
   254  0000BE  8296               	bsf	150,1,c	;volatile
   255  0000C0                     
   256                           ;main.c: 135:     ADCON1bits.PCFG = 0xE;
   257  0000C0  50C1               	movf	193,w,c	;volatile
   258  0000C2  0BF0               	andlw	-16
   259  0000C4  090E               	iorlw	14
   260  0000C6  6EC1               	movwf	193,c	;volatile
   261                           
   262                           ;main.c: 138:     Timer1_Init_Default(62500u);
   263  0000C8  0EF4               	movlw	244
   264  0000CA  6E12               	movwf	(Timer1_Init_Default@period_val+1)^0,c
   265  0000CC  0E24               	movlw	36
   266  0000CE  6E11               	movwf	Timer1_Init_Default@period_val^0,c
   267  0000D0  EC82  F000         	call	_Timer1_Init_Default	;wreg free
   268  0000D4                     
   269                           ;main.c: 142:     Timer1_Enable();
   270  0000D4  EC9A  F000         	call	_Timer1_Enable	;wreg free
   271  0000D8                     
   272                           ;main.c: 143:     (INTCONbits.GIE = 1);
   273  0000D8  8EF2               	bsf	242,7,c	;volatile
   274  0000DA                     l44:
   275  0000DA  EF6D  F000         	goto	l44
   276  0000DE  EF07  F000         	goto	start
   277  0000E2                     __end_of_main:
   278                           	callstack 0
   279                           
   280 ;; *************** function _Timer1_Init_Default *****************
   281 ;; Defined at:
   282 ;;		line 20 in file "src/timer.c"
   283 ;; Parameters:    Size  Location     Type
   284 ;;  period_val      2    2[COMRAM] unsigned short 
   285 ;; Auto vars:     Size  Location     Type
   286 ;;		None
   287 ;; Return value:  Size  Location     Type
   288 ;;                  1    wreg      void 
   289 ;; Registers used:
   290 ;;		wreg, status,2, status,0, cstack
   291 ;; Tracked objects:
   292 ;;		On entry : 0/0
   293 ;;		On exit  : 0/0
   294 ;;		Unchanged: 0/0
   295 ;; Data sizes:     COMRAM   BANK0   BANK1   BANK2   BANK3   BANK4   BANK5   BANK6   BANK7   BANK8   BANK9  BANK10  BANK1
      +1  BANK12  BANK13  BANK14  BANK15
   296 ;;      Params:         2       0       0       0       0       0       0       0       0       0       0       0       
      +0       0       0       0       0
   297 ;;      Locals:         0       0       0       0       0       0       0       0       0       0       0       0       
      +0       0       0       0       0
   298 ;;      Temps:          0       0       0       0       0       0       0       0       0       0       0       0       
      +0       0       0       0       0
   299 ;;      Totals:         2       0       0       0       0       0       0       0       0       0       0       0       
      +0       0       0       0       0
   300 ;;Total ram usage:        2 bytes
   301 ;; Hardware stack levels used:    1
   302 ;; Hardware stack levels required when called:    2
   303 ;; This function calls:
   304 ;;		_CCP2_Compare_Val
   305 ;;		_CCP2_Init_Default
   306 ;; This function is called by:
   307 ;;		_main
   308 ;; This function uses a non-reentrant model
   309 ;;
   310                           
   311                           	psect	text1
   312  000104                     __ptext1:
   313                           	callstack 0
   314  000104                     _Timer1_Init_Default:
   315                           	callstack 28
   316  000104                     
   317                           ;src/timer.c: 23:     T1CON = 0xB0;
   318  000104  0EB0               	movlw	176
   319  000106  6ECD               	movwf	205,c	;volatile
   320  000108                     
   321                           ;src/timer.c: 24:     T3CON &= ~0x48;
   322  000108  0EB7               	movlw	183
   323  00010A  16B1               	andwf	177,f,c	;volatile
   324  00010C                     
   325                           ;src/timer.c: 27:     CCP2_Init_Default();
   326  00010C  EC95  F000         	call	_CCP2_Init_Default	;wreg free
   327  000110                     
   328                           ;src/timer.c: 28:     CCP2_Compare_Val(period_val);
   329  000110  C011  F00F         	movff	Timer1_Init_Default@period_val,CCP2_Compare_Val@comp_val
   330  000114  C012  F010         	movff	Timer1_Init_Default@period_val+1,CCP2_Compare_Val@comp_val+1
   331  000118  EC90  F000         	call	_CCP2_Compare_Val	;wreg free
   332  00011C                     
   333                           ;src/timer.c: 31:     PIE2bits.CCP2IE = 1u;
   334  00011C  80A0               	bsf	160,0,c	;volatile
   335  00011E  0012               	return		;funcret
   336  000120                     __end_of_Timer1_Init_Default:
   337                           	callstack 0
   338                           
   339 ;; *************** function _CCP2_Init_Default *****************
   340 ;; Defined at:
   341 ;;		line 21 in file "src/ccp.c"
   342 ;; Parameters:    Size  Location     Type
   343 ;;		None
   344 ;; Auto vars:     Size  Location     Type
   345 ;;		None
   346 ;; Return value:  Size  Location     Type
   347 ;;                  1    wreg      void 
   348 ;; Registers used:
   349 ;;		wreg, status,2
   350 ;; Tracked objects:
   351 ;;		On entry : 0/0
   352 ;;		On exit  : 0/0
   353 ;;		Unchanged: 0/0
   354 ;; Data sizes:     COMRAM   BANK0   BANK1   BANK2   BANK3   BANK4   BANK5   BANK6   BANK7   BANK8   BANK9  BANK10  BANK1
      +1  BANK12  BANK13  BANK14  BANK15
   355 ;;      Params:         0       0       0       0       0       0       0       0       0       0       0       0       
      +0       0       0       0       0
   356 ;;      Locals:         0       0       0       0       0       0       0       0       0       0       0       0       
      +0       0       0       0       0
   357 ;;      Temps:          0       0       0       0       0       0       0       0       0       0       0       0       
      +0       0       0       0       0
   358 ;;      Totals:         0       0       0       0       0       0       0       0       0       0       0       0       
      +0       0       0       0       0
   359 ;;Total ram usage:        0 bytes
   360 ;; Hardware stack levels used:    1
   361 ;; Hardware stack levels required when called:    1
   362 ;; This function calls:
   363 ;;		Nothing
   364 ;; This function is called by:
   365 ;;		_Timer1_Init_Default
   366 ;; This function uses a non-reentrant model
   367 ;;
   368                           
   369                           	psect	text2
   370  00012A                     __ptext2:
   371                           	callstack 0
   372  00012A                     _CCP2_Init_Default:
   373                           	callstack 28
   374  00012A                     
   375                           ;src/ccp.c: 22:     CCP2CON = 0x05;
   376  00012A  0E05               	movlw	5
   377  00012C  6EBA               	movwf	186,c	;volatile
   378  00012E  0012               	return		;funcret
   379  000130                     __end_of_CCP2_Init_Default:
   380                           	callstack 0
   381                           
   382 ;; *************** function _CCP2_Compare_Val *****************
   383 ;; Defined at:
   384 ;;		line 25 in file "src/ccp.c"
   385 ;; Parameters:    Size  Location     Type
   386 ;;  comp_val        2    0[COMRAM] unsigned short 
   387 ;; Auto vars:     Size  Location     Type
   388 ;;		None
   389 ;; Return value:  Size  Location     Type
   390 ;;                  1    wreg      void 
   391 ;; Registers used:
   392 ;;		None
   393 ;; Tracked objects:
   394 ;;		On entry : 0/0
   395 ;;		On exit  : 0/0
   396 ;;		Unchanged: 0/0
   397 ;; Data sizes:     COMRAM   BANK0   BANK1   BANK2   BANK3   BANK4   BANK5   BANK6   BANK7   BANK8   BANK9  BANK10  BANK1
      +1  BANK12  BANK13  BANK14  BANK15
   398 ;;      Params:         2       0       0       0       0       0       0       0       0       0       0       0       
      +0       0       0       0       0
   399 ;;      Locals:         0       0       0       0       0       0       0       0       0       0       0       0       
      +0       0       0       0       0
   400 ;;      Temps:          0       0       0       0       0       0       0       0       0       0       0       0       
      +0       0       0       0       0
   401 ;;      Totals:         2       0       0       0       0       0       0       0       0       0       0       0       
      +0       0       0       0       0
   402 ;;Total ram usage:        2 bytes
   403 ;; Hardware stack levels used:    1
   404 ;; Hardware stack levels required when called:    1
   405 ;; This function calls:
   406 ;;		Nothing
   407 ;; This function is called by:
   408 ;;		_Timer1_Init_Default
   409 ;; This function uses a non-reentrant model
   410 ;;
   411                           
   412                           	psect	text3
   413  000120                     __ptext3:
   414                           	callstack 0
   415  000120                     _CCP2_Compare_Val:
   416                           	callstack 28
   417  000120                     
   418                           ;src/ccp.c: 26:     CCPR2 = comp_val;
   419  000120  C00F  FFBB         	movff	CCP2_Compare_Val@comp_val,4027	;volatile
   420  000124  C010  FFBC         	movff	CCP2_Compare_Val@comp_val+1,4028	;volatile
   421  000128  0012               	return		;funcret
   422  00012A                     __end_of_CCP2_Compare_Val:
   423                           	callstack 0
   424                           
   425 ;; *************** function _Timer1_Enable *****************
   426 ;; Defined at:
   427 ;;		line 35 in file "src/timer.c"
   428 ;; Parameters:    Size  Location     Type
   429 ;;		None
   430 ;; Auto vars:     Size  Location     Type
   431 ;;		None
   432 ;; Return value:  Size  Location     Type
   433 ;;                  1    wreg      void 
   434 ;; Registers used:
   435 ;;		status,2, status,0
   436 ;; Tracked objects:
   437 ;;		On entry : 0/0
   438 ;;		On exit  : 0/0
   439 ;;		Unchanged: 0/0
   440 ;; Data sizes:     COMRAM   BANK0   BANK1   BANK2   BANK3   BANK4   BANK5   BANK6   BANK7   BANK8   BANK9  BANK10  BANK1
      +1  BANK12  BANK13  BANK14  BANK15
   441 ;;      Params:         0       0       0       0       0       0       0       0       0       0       0       0       
      +0       0       0       0       0
   442 ;;      Locals:         0       0       0       0       0       0       0       0       0       0       0       0       
      +0       0       0       0       0
   443 ;;      Temps:          0       0       0       0       0       0       0       0       0       0       0       0       
      +0       0       0       0       0
   444 ;;      Totals:         0       0       0       0       0       0       0       0       0       0       0       0       
      +0       0       0       0       0
   445 ;;Total ram usage:        0 bytes
   446 ;; Hardware stack levels used:    1
   447 ;; Hardware stack levels required when called:    1
   448 ;; This function calls:
   449 ;;		Nothing
   450 ;; This function is called by:
   451 ;;		_main
   452 ;; This function uses a non-reentrant model
   453 ;;
   454                           
   455                           	psect	text4
   456  000134                     __ptext4:
   457                           	callstack 0
   458  000134                     _Timer1_Enable:
   459                           	callstack 29
   460  000134                     
   461                           ;src/timer.c: 36:     T1CON |= 0x01;
   462  000134  80CD               	bsf	205,0,c	;volatile
   463  000136  0012               	return		;funcret
   464  000138                     __end_of_Timer1_Enable:
   465                           	callstack 0
   466                           
   467 ;; *************** function _SPI_Init_Master_Default *****************
   468 ;; Defined at:
   469 ;;		line 31 in file "src/mssp_spi_driver.c"
   470 ;; Parameters:    Size  Location     Type
   471 ;;		None
   472 ;; Auto vars:     Size  Location     Type
   473 ;;		None
   474 ;; Return value:  Size  Location     Type
   475 ;;                  1    wreg      void 
   476 ;; Registers used:
   477 ;;		wreg, status,2, status,0
   478 ;; Tracked objects:
   479 ;;		On entry : 0/0
   480 ;;		On exit  : 0/0
   481 ;;		Unchanged: 0/0
   482 ;; Data sizes:     COMRAM   BANK0   BANK1   BANK2   BANK3   BANK4   BANK5   BANK6   BANK7   BANK8   BANK9  BANK10  BANK1
      +1  BANK12  BANK13  BANK14  BANK15
   483 ;;      Params:         0       0       0       0       0       0       0       0       0       0       0       0       
      +0       0       0       0       0
   484 ;;      Locals:         0       0       0       0       0       0       0       0       0       0       0       0       
      +0       0       0       0       0
   485 ;;      Temps:          0       0       0       0       0       0       0       0       0       0       0       0       
      +0       0       0       0       0
   486 ;;      Totals:         0       0       0       0       0       0       0       0       0       0       0       0       
      +0       0       0       0       0
   487 ;;Total ram usage:        0 bytes
   488 ;; Hardware stack levels used:    1
   489 ;; Hardware stack levels required when called:    1
   490 ;; This function calls:
   491 ;;		Nothing
   492 ;; This function is called by:
   493 ;;		_main
   494 ;; This function uses a non-reentrant model
   495 ;;
   496                           
   497                           	psect	text5
   498  0000E2                     __ptext5:
   499                           	callstack 0
   500  0000E2                     _SPI_Init_Master_Default:
   501                           	callstack 29
   502  0000E2                     
   503                           ;src/mssp_spi_driver.c: 33:     SSPCON1bits.SSPEN = 0;
   504  0000E2  9AC6               	bcf	198,5,c	;volatile
   505  0000E4                     
   506                           ;src/mssp_spi_driver.c: 36:     SSPCON1 = 0x01 | 0x00;
   507  0000E4  0E01               	movlw	1
   508  0000E6  6EC6               	movwf	198,c	;volatile
   509                           
   510                           ;src/mssp_spi_driver.c: 37:     SSPSTAT = 0x40 | 0x00;
   511  0000E8  0E40               	movlw	64
   512  0000EA  6EC7               	movwf	199,c	;volatile
   513  0000EC                     
   514                           ;src/mssp_spi_driver.c: 40:     TRISC |= 0x10; TRISC &= ~(0x28); TRISDbits.RD2 = 0;;
   515  0000EC  8894               	bsf	148,4,c	;volatile
   516  0000EE  0ED7               	movlw	215
   517  0000F0  1694               	andwf	148,f,c	;volatile
   518  0000F2  9495               	bcf	149,2,c	;volatile
   519  0000F4                     
   520                           ;src/mssp_spi_driver.c: 43:     SSPCON1bits.SSPEN = 1;
   521  0000F4  8AC6               	bsf	198,5,c	;volatile
   522  0000F6                     
   523                           ;src/mssp_spi_driver.c: 44:     SSPCON1bits.WCOL = 0;
   524  0000F6  9EC6               	bcf	198,7,c	;volatile
   525  0000F8                     
   526                           ;src/mssp_spi_driver.c: 45:     SSPCON1bits.SSPOV = 0;
   527  0000F8  9CC6               	bcf	198,6,c	;volatile
   528  0000FA                     
   529                           ;src/mssp_spi_driver.c: 46:     SSPBUF;
   530  0000FA  50C9               	movf	201,w,c	;volatile
   531  0000FC                     
   532                           ;src/mssp_spi_driver.c: 47:     PIR1bits.SSPIF = 0;
   533  0000FC  969E               	bcf	158,3,c	;volatile
   534  0000FE                     
   535                           ;src/mssp_spi_driver.c: 50:     LATDbits.LATD2 = 1;
   536  0000FE  848C               	bsf	140,2,c	;volatile
   537  000100                     
   538                           ;src/mssp_spi_driver.c: 53:     PIE1bits.SSPIE = 1;
   539  000100  869D               	bsf	157,3,c	;volatile
   540  000102  0012               	return		;funcret
   541  000104                     __end_of_SPI_Init_Master_Default:
   542                           	callstack 0
   543                           
   544 ;; *************** function _isr *****************
   545 ;; Defined at:
   546 ;;		line 91 in file "main.c"
   547 ;; Parameters:    Size  Location     Type
   548 ;;		None
   549 ;; Auto vars:     Size  Location     Type
   550 ;;		None
   551 ;; Return value:  Size  Location     Type
   552 ;;                  1    wreg      void 
   553 ;; Registers used:
   554 ;;		wreg, status,2
   555 ;; Tracked objects:
   556 ;;		On entry : 0/0
   557 ;;		On exit  : 0/0
   558 ;;		Unchanged: 0/0
   559 ;; Data sizes:     COMRAM   BANK0   BANK1   BANK2   BANK3   BANK4   BANK5   BANK6   BANK7   BANK8   BANK9  BANK10  BANK1
      +1  BANK12  BANK13  BANK14  BANK15
   560 ;;      Params:         0       0       0       0       0       0       0       0       0       0       0       0       
      +0       0       0       0       0
   561 ;;      Locals:         0       0       0       0       0       0       0       0       0       0       0       0       
      +0       0       0       0       0
   562 ;;      Temps:          0       0       0       0       0       0       0       0       0       0       0       0       
      +0       0       0       0       0
   563 ;;      Totals:         0       0       0       0       0       0       0       0       0       0       0       0       
      +0       0       0       0       0
   564 ;;Total ram usage:        0 bytes
   565 ;; Hardware stack levels used:    1
   566 ;; This function calls:
   567 ;;		Nothing
   568 ;; This function is called by:
   569 ;;		Interrupt level 2
   570 ;; This function uses a non-reentrant model
   571 ;;
   572                           
   573                           	psect	intcode
   574  000008                     __pintcode:
   575                           	callstack 0
   576  000008                     _isr:
   577                           	callstack 28
   578                           
   579                           ;incstack = 0
   580  000008  8213               	bsf	int$flags,1,c	;set compiler interrupt flag (level 2)
   581  00000A  ED09  F000         	call	int_func,f	;refresh shadow registers
   582                           
   583                           	psect	intcode_body
   584  000012                     __pintcode_body:
   585                           	callstack 28
   586  000012                     int_func:
   587                           	callstack 28
   588  000012  0006               	pop		; remove dummy address from shadow register refresh
   589  000014                     
   590                           ;main.c: 93:     if(PIR1bits.SSPIF && PIE1bits.SSPIE) {
   591  000014  A69E               	btfss	158,3,c	;volatile
   592  000016  EF0F  F000         	goto	i2u58_41
   593  00001A  EF11  F000         	goto	i2u58_40
   594  00001E                     i2u58_41:
   595  00001E  EF1B  F000         	goto	i2l1762
   596  000022                     i2u58_40:
   597  000022  A69D               	btfss	157,3,c	;volatile
   598  000024  EF16  F000         	goto	i2u59_41
   599  000028  EF18  F000         	goto	i2u59_40
   600  00002C                     i2u59_41:
   601  00002C  EF1B  F000         	goto	i2l1762
   602  000030                     i2u59_40:
   603  000030                     
   604                           ;main.c: 95:         transfer_complete_flag = 0x01;
   605  000030  0E01               	movlw	1
   606  000032  6E0A               	movwf	_transfer_complete_flag^0,c
   607  000034                     
   608                           ;main.c: 97:         PIR1bits.SSPIF = 0;
   609  000034  969E               	bcf	158,3,c	;volatile
   610  000036                     i2l1762:
   611                           
   612                           ;main.c: 100:     if(PIR2bits.CCP2IF && PIE2bits.CCP2IE){
   613  000036  A0A1               	btfss	161,0,c	;volatile
   614  000038  EF20  F000         	goto	i2u60_41
   615  00003C  EF22  F000         	goto	i2u60_40
   616  000040                     i2u60_41:
   617  000040  EF3B  F000         	goto	i2l39
   618  000044                     i2u60_40:
   619  000044  A0A0               	btfss	160,0,c	;volatile
   620  000046  EF27  F000         	goto	i2u61_41
   621  00004A  EF29  F000         	goto	i2u61_40
   622  00004E                     i2u61_41:
   623  00004E  EF3B  F000         	goto	i2l39
   624  000052                     i2u61_40:
   625  000052                     
   626                           ;main.c: 102:         if(tmr_100ms_next){
   627  000052  5009               	movf	_tmr_100ms_next^0,w,c	;volatile
   628  000054  B4D8               	btfsc	status,2,c
   629  000056  EF2F  F000         	goto	i2u62_41
   630  00005A  EF31  F000         	goto	i2u62_40
   631  00005E                     i2u62_41:
   632  00005E  EF38  F000         	goto	i2l1772
   633  000062                     i2u62_40:
   634  000062                     
   635                           ;main.c: 104:             tmr_100ms_next = 0x00;
   636  000062  0E00               	movlw	0
   637  000064  6E09               	movwf	_tmr_100ms_next^0,c	;volatile
   638                           
   639                           ;main.c: 107:             spi_ready_to_tx = 0x01;
   640  000066  0E01               	movlw	1
   641  000068  6E07               	movwf	_spi_ready_to_tx^0,c	;volatile
   642  00006A                     
   643                           ;main.c: 109:             PIR2bits.CCP2IF = 0u;;
   644  00006A  90A1               	bcf	161,0,c	;volatile
   645                           
   646                           ;main.c: 111:         } else{
   647  00006C  EF3B  F000         	goto	i2l39
   648  000070                     i2l1772:
   649                           
   650                           ;main.c: 113:             tmr_100ms_next = 0x01;
   651  000070  0E01               	movlw	1
   652  000072  6E09               	movwf	_tmr_100ms_next^0,c	;volatile
   653  000074                     
   654                           ;main.c: 115:             PIR2bits.CCP2IF = 0u;;
   655  000074  90A1               	bcf	161,0,c	;volatile
   656  000076                     i2l39:
   657  000076  9213               	bcf	int$flags,1,c	;clear compiler interrupt flag (level 2)
   658  000078  0011               	retfie		f
   659  00007A                     __end_of_isr:
   660                           	callstack 0
   661  0000                     
   662                           	psect	rparam
   663  0000                     
   664                           	psect	temp
   665  000013                     btemp:
   666                           	callstack 0
   667  000013                     	ds	1
   668  0000                     int$flags	set	btemp
   669  0000                     wtemp8	set	btemp+1
   670  0000                     ttemp5	set	btemp+1
   671  0000                     ttemp6	set	btemp+4
   672  0000                     ttemp7	set	btemp+8
   673                           
   674                           	psect	idloc
   675                           
   676                           ;Config register IDLOC0 @ 0x200000
   677                           ;	unspecified, using default values
   678  200000                     	org	2097152
   679  200000  FF                 	db	255
   680                           
   681                           ;Config register IDLOC1 @ 0x200001
   682                           ;	unspecified, using default values
   683  200001                     	org	2097153
   684  200001  FF                 	db	255
   685                           
   686                           ;Config register IDLOC2 @ 0x200002
   687                           ;	unspecified, using default values
   688  200002                     	org	2097154
   689  200002  FF                 	db	255
   690                           
   691                           ;Config register IDLOC3 @ 0x200003
   692                           ;	unspecified, using default values
   693  200003                     	org	2097155
   694  200003  FF                 	db	255
   695                           
   696                           ;Config register IDLOC4 @ 0x200004
   697                           ;	unspecified, using default values
   698  200004                     	org	2097156
   699  200004  FF                 	db	255
   700                           
   701                           ;Config register IDLOC5 @ 0x200005
   702                           ;	unspecified, using default values
   703  200005                     	org	2097157
   704  200005  FF                 	db	255
   705                           
   706                           ;Config register IDLOC6 @ 0x200006
   707                           ;	unspecified, using default values
   708  200006                     	org	2097158
   709  200006  FF                 	db	255
   710                           
   711                           ;Config register IDLOC7 @ 0x200007
   712                           ;	unspecified, using default values
   713  200007                     	org	2097159
   714  200007  FF                 	db	255
   715                           
   716                           	psect	config
   717                           
   718                           ; Padding undefined space
   719  300000                     	org	3145728
   720  300000  FF                 	db	255
   721                           
   722                           ;Config register CONFIG1H @ 0x300001
   723                           ;	Oscillator Selection bits
   724                           ;	OSC = HSPLL, HS oscillator, PLL enabled (Clock Frequency = 4 x FOSC1)
   725                           ;	Fail-Safe Clock Monitor Enable bit
   726                           ;	FCMEN = OFF, Fail-Safe Clock Monitor disabled
   727                           ;	Internal/External Oscillator Switchover bit
   728                           ;	IESO = OFF, Oscillator Switchover mode disabled
   729  300001                     	org	3145729
   730  300001  06                 	db	6
   731                           
   732                           ;Config register CONFIG2L @ 0x300002
   733                           ;	Power-up Timer Enable bit
   734                           ;	PWRT = OFF, PWRT disabled
   735                           ;	Brown-out Reset Enable bits
   736                           ;	BOREN = SBORDIS, Brown-out Reset enabled in hardware only (SBOREN is disabled)
   737                           ;	Brown Out Reset Voltage bits
   738                           ;	BORV = 3, Minimum setting
   739  300002                     	org	3145730
   740  300002  1F                 	db	31
   741                           
   742                           ;Config register CONFIG2H @ 0x300003
   743                           ;	Watchdog Timer Enable bit
   744                           ;	WDT = OFF, WDT disabled (control is placed on the SWDTEN bit)
   745                           ;	Watchdog Timer Postscale Select bits
   746                           ;	WDTPS = 32768, 1:32768
   747  300003                     	org	3145731
   748  300003  1E                 	db	30
   749                           
   750                           ; Padding undefined space
   751  300004                     	org	3145732
   752  300004  FF                 	db	255
   753                           
   754                           ;Config register CONFIG3H @ 0x300005
   755                           ;	CCP2 MUX bit
   756                           ;	CCP2MX = PORTBE, CCP2 input/output is multiplexed with RB3
   757                           ;	PORTB A/D Enable bit
   758                           ;	PBADEN = OFF, PORTB<4:0> pins are configured as digital I/O on Reset
   759                           ;	Low-Power Timer1 Oscillator Enable bit
   760                           ;	LPT1OSC = OFF, Timer1 configured for higher power operation
   761                           ;	MCLR Pin Enable bit
   762                           ;	MCLRE = ON, MCLR pin enabled; RE3 input pin disabled
   763  300005                     	org	3145733
   764  300005  80                 	db	128
   765                           
   766                           ;Config register CONFIG4L @ 0x300006
   767                           ;	Stack Full/Underflow Reset Enable bit
   768                           ;	STVREN = ON, Stack full/underflow will cause Reset
   769                           ;	Single-Supply ICSP Enable bit
   770                           ;	LVP = OFF, Single-Supply ICSP disabled
   771                           ;	Extended Instruction Set Enable bit
   772                           ;	XINST = OFF, Instruction set extension and Indexed Addressing mode disabled (Legacy mo
      +                          de)
   773                           ;	Background Debugger Enable bit
   774                           ;	DEBUG = 0x1, unprogrammed default
   775  300006                     	org	3145734
   776  300006  81                 	db	129
   777                           
   778                           ; Padding undefined space
   779  300007                     	org	3145735
   780  300007  FF                 	db	255
   781                           
   782                           ;Config register CONFIG5L @ 0x300008
   783                           ;	Code Protection bit
   784                           ;	CP0 = OFF, Block 0 (000800-003FFFh) not code-protected
   785                           ;	Code Protection bit
   786                           ;	CP1 = OFF, Block 1 (004000-007FFFh) not code-protected
   787                           ;	Code Protection bit
   788                           ;	CP2 = OFF, Block 2 (008000-00BFFFh) not code-protected
   789                           ;	Code Protection bit
   790                           ;	CP3 = OFF, Block 3 (00C000-00FFFFh) not code-protected
   791  300008                     	org	3145736
   792  300008  0F                 	db	15
   793                           
   794                           ;Config register CONFIG5H @ 0x300009
   795                           ;	Boot Block Code Protection bit
   796                           ;	CPB = OFF, Boot block (000000-0007FFh) not code-protected
   797                           ;	Data EEPROM Code Protection bit
   798                           ;	CPD = OFF, Data EEPROM not code-protected
   799  300009                     	org	3145737
   800  300009  C0                 	db	192
   801                           
   802                           ;Config register CONFIG6L @ 0x30000A
   803                           ;	Write Protection bit
   804                           ;	WRT0 = OFF, Block 0 (000800-003FFFh) not write-protected
   805                           ;	Write Protection bit
   806                           ;	WRT1 = OFF, Block 1 (004000-007FFFh) not write-protected
   807                           ;	Write Protection bit
   808                           ;	WRT2 = OFF, Block 2 (008000-00BFFFh) not write-protected
   809                           ;	Write Protection bit
   810                           ;	WRT3 = OFF, Block 3 (00C000-00FFFFh) not write-protected
   811  30000A                     	org	3145738
   812  30000A  0F                 	db	15
   813                           
   814                           ;Config register CONFIG6H @ 0x30000B
   815                           ;	Configuration Register Write Protection bit
   816                           ;	WRTC = OFF, Configuration registers (300000-3000FFh) not write-protected
   817                           ;	Boot Block Write Protection bit
   818                           ;	WRTB = OFF, Boot Block (000000-0007FFh) not write-protected
   819                           ;	Data EEPROM Write Protection bit
   820                           ;	WRTD = OFF, Data EEPROM not write-protected
   821  30000B                     	org	3145739
   822  30000B  E0                 	db	224
   823                           
   824                           ;Config register CONFIG7L @ 0x30000C
   825                           ;	Table Read Protection bit
   826                           ;	EBTR0 = OFF, Block 0 (000800-003FFFh) not protected from table reads executed in other
      +                           blocks
   827                           ;	Table Read Protection bit
   828                           ;	EBTR1 = OFF, Block 1 (004000-007FFFh) not protected from table reads executed in other
      +                           blocks
   829                           ;	Table Read Protection bit
   830                           ;	EBTR2 = OFF, Block 2 (008000-00BFFFh) not protected from table reads executed in other
      +                           blocks
   831                           ;	Table Read Protection bit
   832                           ;	EBTR3 = OFF, Block 3 (00C000-00FFFFh) not protected from table reads executed in other
      +                           blocks
   833  30000C                     	org	3145740
   834  30000C  0F                 	db	15
   835                           
   836                           ;Config register CONFIG7H @ 0x30000D
   837                           ;	Boot Block Table Read Protection bit
   838                           ;	EBTRB = OFF, Boot Block (000000-0007FFh) not protected from table reads executed in ot
      +                          her blocks
   839  30000D                     	org	3145741
   840  30000D  40                 	db	64
   841                           tosu	equ	0xFFF
   842                           tosh	equ	0xFFE
   843                           tosl	equ	0xFFD
   844                           stkptr	equ	0xFFC
   845                           pclatu	equ	0xFFB
   846                           pclath	equ	0xFFA
   847                           pcl	equ	0xFF9
   848                           tblptru	equ	0xFF8
   849                           tblptrh	equ	0xFF7
   850                           tblptrl	equ	0xFF6
   851                           tablat	equ	0xFF5
   852                           prodh	equ	0xFF4
   853                           prodl	equ	0xFF3
   854                           indf0	equ	0xFEF
   855                           postinc0	equ	0xFEE
   856                           postdec0	equ	0xFED
   857                           preinc0	equ	0xFEC
   858                           plusw0	equ	0xFEB
   859                           fsr0h	equ	0xFEA
   860                           fsr0l	equ	0xFE9
   861                           wreg	equ	0xFE8
   862                           indf1	equ	0xFE7
   863                           postinc1	equ	0xFE6
   864                           postdec1	equ	0xFE5
   865                           preinc1	equ	0xFE4
   866                           plusw1	equ	0xFE3
   867                           fsr1h	equ	0xFE2
   868                           fsr1l	equ	0xFE1
   869                           bsr	equ	0xFE0
   870                           indf2	equ	0xFDF
   871                           postinc2	equ	0xFDE
   872                           postdec2	equ	0xFDD
   873                           preinc2	equ	0xFDC
   874                           plusw2	equ	0xFDB
   875                           fsr2h	equ	0xFDA
   876                           fsr2l	equ	0xFD9
   877                           status	equ	0xFD8

Data Sizes:
    Strings     0
    Constant    0
    Data        4
    BSS         10
    Persistent  0
    Stack       0

Auto Spaces:
    Space          Size  Autos    Used
    COMRAM          126      4      18
    BANK0           128      0       0
    BANK1           256      0       0
    BANK2           256      0       0
    BANK3           256      0       0
    BANK4           256      0       0
    BANK5           256      0       0
    BANK6           256      0       0
    BANK7           256      0       0
    BANK8           256      0       0
    BANK9           256      0       0
    BANK10          256      0       0
    BANK11          256      0       0
    BANK12          256      0       0
    BANK13          256      0       0
    BANK14          256      0       0
    BANK15          128      0       0

Pointer List with Targets:

    None.

Critical Paths under _main in COMRAM

    _main->_Timer1_Init_Default
    _Timer1_Init_Default->_CCP2_Compare_Val

Critical Paths under _isr in COMRAM

    None.

Critical Paths under _main in BANK0

    None.

Critical Paths under _isr in BANK0

    None.

Critical Paths under _main in BANK1

    None.

Critical Paths under _isr in BANK1

    None.

Critical Paths under _main in BANK2

    None.

Critical Paths under _isr in BANK2

    None.

Critical Paths under _main in BANK3

    None.

Critical Paths under _isr in BANK3

    None.

Critical Paths under _main in BANK4

    None.

Critical Paths under _isr in BANK4

    None.

Critical Paths under _main in BANK5

    None.

Critical Paths under _isr in BANK5

    None.

Critical Paths under _main in BANK6

    None.

Critical Paths under _isr in BANK6

    None.

Critical Paths under _main in BANK7

    None.

Critical Paths under _isr in BANK7

    None.

Critical Paths under _main in BANK8

    None.

Critical Paths under _isr in BANK8

    None.

Critical Paths under _main in BANK9

    None.

Critical Paths under _isr in BANK9

    None.

Critical Paths under _main in BANK10

    None.

Critical Paths under _isr in BANK10

    None.

Critical Paths under _main in BANK11

    None.

Critical Paths under _isr in BANK11

    None.

Critical Paths under _main in BANK12

    None.

Critical Paths under _isr in BANK12

    None.

Critical Paths under _main in BANK13

    None.

Critical Paths under _isr in BANK13

    None.

Critical Paths under _main in BANK14

    None.

Critical Paths under _isr in BANK14

    None.

Critical Paths under _main in BANK15

    None.

Critical Paths under _isr in BANK15

    None.

Call Graph Tables:

 ---------------------------------------------------------------------------------
 (Depth) Function   	        Calls       Base Space   Used Autos Params    Refs
 ---------------------------------------------------------------------------------
 (0) _main                                                 0     0      0     196
            _SPI_Init_Master_Default
                      _Timer1_Enable
                _Timer1_Init_Default
 ---------------------------------------------------------------------------------
 (1) _Timer1_Init_Default                                  2     0      2     196
                                              2 COMRAM     2     0      2
                   _CCP2_Compare_Val
                  _CCP2_Init_Default
 ---------------------------------------------------------------------------------
 (2) _CCP2_Init_Default                                    0     0      0       0
 ---------------------------------------------------------------------------------
 (2) _CCP2_Compare_Val                                     2     0      2      98
                                              0 COMRAM     2     0      2
 ---------------------------------------------------------------------------------
 (1) _Timer1_Enable                                        0     0      0       0
 ---------------------------------------------------------------------------------
 (1) _SPI_Init_Master_Default                              0     0      0       0
 ---------------------------------------------------------------------------------
 Estimated maximum stack depth 2
 ---------------------------------------------------------------------------------
 (Depth) Function   	        Calls       Base Space   Used Autos Params    Refs
 ---------------------------------------------------------------------------------
 (3) _isr                                                  0     0      0       0
 ---------------------------------------------------------------------------------
 Estimated maximum stack depth 3
 ---------------------------------------------------------------------------------

 Call Graph Graphs:

 _main (ROOT)
   _SPI_Init_Master_Default
   _Timer1_Enable
   _Timer1_Init_Default
     _CCP2_Compare_Val
     _CCP2_Init_Default

 _isr (ROOT)

 Address spaces:
Name               Size   Autos  Total    Cost      Usage
BIGRAM             F7F      0       0      37        0.0%
EEDATA             400      0       0       0        0.0%
BITBANK14          100      0       0      32        0.0%
BANK14             100      0       0      33        0.0%
BITBANK13          100      0       0      30        0.0%
BANK13             100      0       0      31        0.0%
BITBANK12          100      0       0      28        0.0%
BANK12             100      0       0      29        0.0%
BITBANK11          100      0       0      26        0.0%
BANK11             100      0       0      27        0.0%
BITBANK10          100      0       0      24        0.0%
BANK10             100      0       0      25        0.0%
BITBANK9           100      0       0      22        0.0%
BANK9              100      0       0      23        0.0%
BITBANK8           100      0       0      20        0.0%
BANK8              100      0       0      21        0.0%
BITBANK7           100      0       0      18        0.0%
BANK7              100      0       0      19        0.0%
BITBANK6           100      0       0      16        0.0%
BANK6              100      0       0      17        0.0%
BITBANK5           100      0       0      14        0.0%
BANK5              100      0       0      15        0.0%
BITBANK4           100      0       0      12        0.0%
BANK4              100      0       0      13        0.0%
BITBANK3           100      0       0      10        0.0%
BANK3              100      0       0      11        0.0%
BITBANK2           100      0       0       8        0.0%
BANK2              100      0       0       9        0.0%
BITBANK1           100      0       0       6        0.0%
BANK1              100      0       0       7        0.0%
BITBANK15           80      0       0      35        0.0%
BANK15              80      0       0      36        0.0%
BITBANK0            80      0       0       4        0.0%
BANK0               80      0       0       5        0.0%
BITCOMRAM           7E      0       0       0        0.0%
COMRAM              7E      4      12       1       14.3%
BITSFR               0      0       0     200        0.0%
SFR                  0      0       0     200        0.0%
STACK                0      0       0       2        0.0%
NULL                 0      0       0       0        0.0%
ABS                  0      0      12      34        0.0%
DATA                 0      0      12       3        0.0%
CODE                 0      0       0       0        0.0%


Microchip Technology PIC18 Macro Assembler V2.31 build 20201012212115 
Symbol Table                                                                                   Sat Oct 30 13:44:23 2021

                              l44 00DA                                l45 00DA  
                              l54 012E                                l57 0128  
        __end_of_CCP2_Compare_Val 012A            _transfer_complete_flag 000A  
                             l232 0102                               l304 011E  
                             l307 0136                               l986 012A  
                             _isr 0008                               wreg 000FE8  
              _current_entry_mode 000C                              l1010 00EC  
                            l1020 00F8                              l1012 00EE  
                            l1022 00FA                              l1014 00F2  
                            l1006 00E2                              l1024 00FC  
                            l1016 00F4                              l1008 00E4  
                            l1040 0134                              l1026 00FE  
                            l1018 00F6                              l1028 0100  
                            l1700 011C                              l1690 0120  
                            l1692 0104                              l1780 00B8  
                            l1694 0108                              l1790 00D8  
                            l1782 00BC                              l1696 010C  
                            l1784 00BE                              l1698 0110  
                            l1786 00C0                              l1778 00B4  
                            l1788 00D4                              ?_isr 000F  
                            i2l39 0076                              _main 00B4  
                            fsr1l 000FE1                              btemp 0013  
                            start 000E                      ___param_bank 000000  
__size_of_SPI_Init_Master_Default 0022                             ??_isr 000F  
                           ?_main 000F                             _CCPR2 000FBB  
                           _T1CON 000FCD                             _T3CON 000FB1  
                           _PORTD 000F83                             _PORTE 000F84  
                           _TRISA 000F92                             _TRISC 000F94  
                           _TRISD 000F95                             tablat 000FF5  
           __end_of_Timer1_Enable 0138                             ttemp5 0014  
                           ttemp6 0017                             ttemp7 001B  
                           status 000FD8                             wtemp8 0014  
     __end_of_Timer1_Init_Default 0120                   __initialization 007A  
                    __end_of_main 00E2                            ??_main 0013  
                   __activetblptr 000002                            i2l1760 0034  
                          i2l1770 006A                            i2l1762 0036  
                          i2l1754 0014                            i2l1772 0070  
                          i2l1764 0044                            i2l1756 0022  
                          i2l1774 0074                            i2l1766 0052  
                          i2l1758 0030                            i2l1768 0062  
                          _SSPBUF 000FC9                            clear_0 00A0  
             _spi_tx_test_message 0008                      __pdataCOMRAM 000B  
                          tblptrh 000FF7                            tblptrl 000FF6  
                          tblptru 000FF8                    _tmr_100ms_next 0009  
                      __accesstop 0080           __end_of__initialization 00A6  
                   ___rparam_used 000001           _SPI_Init_Master_Default 00E2  
                  __pcstackCOMRAM 000F                 ?_CCP2_Compare_Val 000F  
              ??_CCP2_Compare_Val 0011     Timer1_Init_Default@period_val 0011  
                   _init_complete 0006                           _CCP2CON 000FBA  
                         i2u60_40 0044                           i2u60_41 0040  
                         i2u61_40 0052                           i2u61_41 004E  
                         i2u62_40 0062                           i2u62_41 005E  
                         i2u58_40 0022                           i2u58_41 001E  
                         i2u59_40 0030                           i2u59_41 002C  
                         _SSPCON1 000FC6                           _SSPSTAT 000FC7  
       ??_SPI_Init_Master_Default 000F                           __Hparam 0000  
                         __Lparam 0000                           __pcinit 007A  
                         __ramtop 1000                           __ptext0 00B4  
                         __ptext1 0104                           __ptext2 012A  
                         __ptext3 0120                           __ptext4 0134  
                         __ptext5 00E2                      __size_of_isr 0072  
                  __pintcode_body 0012              end_of_initialization 00A6  
                   __Lmediumconst 0000                           int_func 0012  
                      _shift_mode 0005                           postdec1 000FE5  
                         postinc0 000FEE                        _slave_mode 0002  
    __size_of_Timer1_Init_Default 001C                         _PORTDbits 000F83  
          __size_of_Timer1_Enable 0004                   _address_counter 0004  
                       _TRISDbits 000F95                         _TRISEbits 000F96  
                _current_func_set 000B                     __pidataCOMRAM 0130  
             start_initialization 007A                       __end_of_isr 007A  
       __size_of_CCP2_Compare_Val 000A                     _Timer1_Enable 0134  
                     __pbssCOMRAM 0001                    ?_Timer1_Enable 000F  
        CCP2_Compare_Val@comp_val 000F                         __pintcode 0008  
                       _disp_16x2 000D                 _CCP2_Init_Default 012A  
              ?_CCP2_Init_Default 000F               ??_CCP2_Init_Default 000F  
             _Timer1_Init_Default 0104                      _receive_byte 0003  
                        _LATCbits 000F8B                          _LATDbits 000F8C  
                        _PIE1bits 000F9D                          _PIE2bits 000FA0  
                        _PIR1bits 000F9E                          _PIR2bits 000FA1  
       __end_of_CCP2_Init_Default 0130              ?_Timer1_Init_Default 0011  
                 _spi_ready_to_tx 0007                        _ADCON1bits 000FC1  
                 ??_Timer1_Enable 000F                         copy_data0 008E  
        ?_SPI_Init_Master_Default 000F                  _CCP2_Compare_Val 0120  
                        __Hrparam 0000                          __Lrparam 0000  
           ??_Timer1_Init_Default 0013                     __size_of_main 002E  
                        int$flags 0013        __size_of_CCP2_Init_Default 0006  
                      _INTCONbits 000FF2   __end_of_SPI_Init_Master_Default 0104  
                        intlevel2 0000                   _manual_transfer 0001  
                     _SSPCON1bits 000FC6                 _current_disp_ctrl 000E  
