

Microchip MPLAB XC8 Assembler V2.31 build 20201012212115 
                                                                                               Thu Nov 11 20:42:54 2021

Microchip MPLAB XC8 C Compiler v2.31 (Free license) build 20201012212115 Og9 
     1                           	processor	18F4620
     2                           	fnconf	rparam,??,?,0
     3                           	pagewidth 120
     4                           	opt	flic
     5                           	psect	idataCOMRAM,global,class=CODE,delta=1,noexec
     6                           	psect	cinit,global,reloc=2,class=CODE,delta=1
     7                           	psect	bssCOMRAM,global,class=COMRAM,space=1,delta=1,lowdata,noexec
     8                           	psect	dataCOMRAM,global,class=COMRAM,space=1,delta=1,lowdata,noexec
     9                           	psect	cstackCOMRAM,global,class=COMRAM,space=1,delta=1,lowdata,noexec
    10                           	psect	text0,global,reloc=2,class=CODE,delta=1
    11                           	psect	text1,global,reloc=2,class=CODE,delta=1
    12                           	psect	text2,global,reloc=2,class=CODE,delta=1
    13                           	psect	text3,global,reloc=2,class=CODE,delta=1
    14                           	psect	text4,global,reloc=2,class=CODE,delta=1
    15                           	psect	text5,global,reloc=2,class=CODE,delta=1
    16                           	psect	intcode,global,reloc=2,class=CODE,delta=1
    17                           	psect	intcode_body,global,reloc=2,class=CODE,delta=1
    18                           	psect	intsave_regs,global,class=BIGRAM,space=1,delta=1,noexec
    19                           	psect	rparam,global,class=COMRAM,space=1,delta=1,noexec
    20                           	psect	temp,global,ovrld,common,class=COMRAM,space=1,delta=1
    21                           	psect	idloc,global,abs,ovrld,class=IDLOC,space=5,delta=1,noexec
    22                           	psect	config,global,abs,ovrld,class=CONFIG,space=4,delta=1,noexec
    23  0000                     
    24                           ; Version 2.20
    25                           ; Generated 12/02/2020 GMT
    26                           ; 
    27                           ; Copyright © 2020, Microchip Technology Inc. and its subsidiaries ("Microchip")
    28                           ; All rights reserved.
    29                           ; 
    30                           ; This software is developed by Microchip Technology Inc. and its subsidiaries ("Microch
      +                          ip").
    31                           ; 
    32                           ; Redistribution and use in source and binary forms, with or without modification, are
    33                           ; permitted provided that the following conditions are met:
    34                           ; 
    35                           ;     1. Redistributions of source code must retain the above copyright notice, this lis
      +                          t of
    36                           ;        conditions and the following disclaimer.
    37                           ; 
    38                           ;     2. Redistributions in binary form must reproduce the above copyright notice, this 
      +                          list
    39                           ;        of conditions and the following disclaimer in the documentation and/or other
    40                           ;        materials provided with the distribution.
    41                           ; 
    42                           ;     3. Microchip's name may not be used to endorse or promote products derived from th
      +                          is
    43                           ;        software without specific prior written permission.
    44                           ; 
    45                           ; THIS SOFTWARE IS PROVIDED BY MICROCHIP "AS IS" AND ANY EXPRESS OR IMPLIED WARRANTIES,
    46                           ; INCLUDING, BUT NOT LIMITED TO, THE IMPLIED WARRANTIES OF MERCHANTABILITY AND FITNESS F
      +                          OR
    47                           ; PURPOSE ARE DISCLAIMED.  IN NO EVENT SHALL MICROCHIP BE LIABLE FOR ANY DIRECT, INDIREC
      +                          T,
    48                           ; INCIDENTAL, SPECIAL, EXEMPLARY, OR CONSEQUENTIAL DAMAGES (INCLUDING BUT NOT LIMITED TO
    49                           ; PROCUREMENT OF SUBSTITUTE GOODS OR SERVICES; LOSS OF USE, DATA OR PROFITS; OR BUSINESS
    50                           ; INTERRUPTION) HOWSOEVER CAUSED AND ON ANY THEORY OF LIABILITY, WHETHER IN CONTRACT, ST
      +                          RICT
    51                           ; LIABILITY, OR TORT (INCLUDING NEGLIGENCE OR OTHERWISE) ARISING IN ANY WAY OUT OF THE U
      +                          SE OF
    52                           ; THIS SOFTWARE, EVEN IF ADVISED OF THE POSSIBILITY OF SUCH DAMAGE.
    53                           ; 
    54                           ; 
    55                           ; Code-generator required, PIC18F4620 Definitions
    56                           ; 
    57                           ; SFR Addresses
    58  0000                     
    59                           	psect	idataCOMRAM
    60  00010C                     __pidataCOMRAM:
    61                           	callstack 0
    62                           
    63                           ;initializer for _current_func_set
    64  00010C  30                 	db	48
    65                           
    66                           ;initializer for _current_entry_mode
    67  00010D  06                 	db	6
    68                           
    69                           ;initializer for _disp_16x2
    70  00010E  01                 	db	1
    71                           
    72                           ;initializer for _current_disp_ctrl
    73  00010F  08                 	db	8
    74  0000                     _CCPR1	set	4030
    75  0000                     _INTCON3bits	set	4080
    76  0000                     _INTCONbits	set	4082
    77  0000                     _TRISB	set	3987
    78  0000                     _ADCON1bits	set	4033
    79  0000                     _INTCON2	set	4081
    80  0000                     _T1CON	set	4045
    81  0000                     _PIR1bits	set	3998
    82  0000                     _SSPBUF	set	4041
    83  0000                     _TRISDbits	set	3989
    84  0000                     _SSPSTAT	set	4039
    85  0000                     _SSPCON1	set	4038
    86  0000                     _SSPCON1bits	set	4038
    87  0000                     _TRISC	set	3988
    88  0000                     _LATDbits	set	3980
    89  0000                     _PIE1bits	set	3997
    90  0000                     _T3CON	set	4017
    91  0000                     _CCP1CON	set	4029
    92                           
    93                           ; #config settings
    94                           
    95                           	psect	cinit
    96  000012                     __pcinit:
    97                           	callstack 0
    98  000012                     start_initialization:
    99                           	callstack 0
   100  000012                     __initialization:
   101                           	callstack 0
   102                           
   103                           ; Initialize objects allocated to COMRAM (4 bytes)
   104                           ; load TBLPTR registers with __pidataCOMRAM
   105  000012  0E0C               	movlw	low __pidataCOMRAM
   106  000014  6EF6               	movwf	tblptrl,c
   107  000016  0E01               	movlw	high __pidataCOMRAM
   108  000018  6EF7               	movwf	tblptrh,c
   109  00001A  0E00               	movlw	low (__pidataCOMRAM shr (0+16))
   110  00001C  6EF8               	movwf	tblptru,c
   111  00001E  EE00  F019         	lfsr	0,__pdataCOMRAM
   112  000022  EE10 F004          	lfsr	1,4
   113  000026                     copy_data0:
   114  000026  0009               	tblrd		*+
   115  000028  CFF5 FFEE          	movff	tablat,postinc0
   116  00002C  50E5               	movf	postdec1,w,c
   117  00002E  50E1               	movf	fsr1l,w,c
   118  000030  E1FA               	bnz	copy_data0
   119                           
   120                           ; Clear objects allocated to COMRAM (24 bytes)
   121  000032  EE00  F001         	lfsr	0,__pbssCOMRAM
   122  000036  0E18               	movlw	24
   123  000038                     clear_0:
   124  000038  6AEE               	clrf	postinc0,c
   125  00003A  06E8               	decf	wreg,f,c
   126  00003C  E1FD               	bnz	clear_0
   127  00003E                     end_of_initialization:
   128                           	callstack 0
   129  00003E                     __end_of__initialization:
   130                           	callstack 0
   131  00003E  901F               	bcf	int$flags,0,c	;clear compiler interrupt flag (level 1)
   132  000040  921F               	bcf	int$flags,1,c	;clear compiler interrupt flag (level 2)
   133  000042  0100               	movlb	0
   134  000044  EF3C  F000         	goto	_main	;jump to C main() function
   135                           
   136                           	psect	bssCOMRAM
   137  000001                     __pbssCOMRAM:
   138                           	callstack 0
   139  000001                     	ds	10
   140  00000B                     _spi_ready_to_tx:
   141                           	callstack 0
   142  00000B                     	ds	1
   143  00000C                     	ds	1
   144  00000D                     _spi_tx_test_msg:
   145                           	callstack 0
   146  00000D                     	ds	1
   147  00000E                     _tmr_100ms_next:
   148                           	callstack 0
   149  00000E                     	ds	1
   150  00000F                     _manual_transfer:
   151                           	callstack 0
   152  00000F                     	ds	1
   153  000010                     _transfer_complete_flag:
   154                           	callstack 0
   155  000010                     	ds	1
   156  000011                     	ds	1
   157  000012                     _spi_actor:
   158                           	callstack 0
   159  000012                     	ds	1
   160  000013                     _receive_byte:
   161                           	callstack 0
   162  000013                     	ds	1
   163  000014                     	ds	1
   164  000015                     	ds	1
   165  000016                     	ds	1
   166  000017                     	ds	1
   167  000018                     	ds	1
   168                           
   169                           	psect	dataCOMRAM
   170  000019                     __pdataCOMRAM:
   171                           	callstack 0
   172  000019                     	ds	1
   173  00001A                     	ds	1
   174  00001B                     	ds	1
   175  00001C                     	ds	1
   176                           
   177                           	psect	cstackCOMRAM
   178  00001D                     __pcstackCOMRAM:
   179                           	callstack 0
   180  00001D                     CCP1_Compare_Init_Default@comp_val:
   181                           	callstack 0
   182                           
   183                           ; 2 bytes @ 0x0
   184  00001D                     	ds	2
   185  00001F                     
   186                           ; 1 bytes @ 0x2
   187 ;;
   188 ;;Main: autosize = 0, tempsize = 0, incstack = 0, save=0
   189 ;;
   190 ;; *************** function _main *****************
   191 ;; Defined at:
   192 ;;		line 195 in file "inc/mcp2515_test.c"
   193 ;; Parameters:    Size  Location     Type
   194 ;;		None
   195 ;; Auto vars:     Size  Location     Type
   196 ;;		None
   197 ;; Return value:  Size  Location     Type
   198 ;;                  1    wreg      void 
   199 ;; Registers used:
   200 ;;		wreg, status,2, status,0, cstack
   201 ;; Tracked objects:
   202 ;;		On entry : 0/0
   203 ;;		On exit  : 0/0
   204 ;;		Unchanged: 0/0
   205 ;; Data sizes:     COMRAM   BANK0   BANK1   BANK2   BANK3   BANK4   BANK5   BANK6   BANK7   BANK8   BANK9  BANK10  BANK1
      +1  BANK12  BANK13  BANK14  BANK15
   206 ;;      Params:         0       0       0       0       0       0       0       0       0       0       0       0       
      +0       0       0       0       0
   207 ;;      Locals:         0       0       0       0       0       0       0       0       0       0       0       0       
      +0       0       0       0       0
   208 ;;      Temps:          0       0       0       0       0       0       0       0       0       0       0       0       
      +0       0       0       0       0
   209 ;;      Totals:         0       0       0       0       0       0       0       0       0       0       0       0       
      +0       0       0       0       0
   210 ;;Total ram usage:        0 bytes
   211 ;; Hardware stack levels required when called:    3
   212 ;; This function calls:
   213 ;;		_CCP1_Compare_Init_Default
   214 ;;		_Timer1_Init_Default
   215 ;;		_can_init_default
   216 ;; This function is called by:
   217 ;;		Startup code after reset
   218 ;; This function uses a non-reentrant model
   219 ;;
   220                           
   221                           	psect	text0
   222  000078                     __ptext0:
   223                           	callstack 0
   224  000078                     _main:
   225                           	callstack 28
   226                           
   227                           ;inc/mcp2515_test.c: 198:     can_init_default();
   228                           
   229                           ;incstack = 0
   230  000078  EC81  F000         	call	_can_init_default	;wreg free
   231                           
   232                           ;inc/mcp2515_test.c: 211:     Timer1_Init_Default();
   233  00007C  EC7B  F000         	call	_Timer1_Init_Default	;wreg free
   234                           
   235                           ;inc/mcp2515_test.c: 212:     CCP1_Compare_Init_Default(62500u);
   236  000080  0EF4               	movlw	244
   237  000082  6E1E               	movwf	(CCP1_Compare_Init_Default@comp_val+1)^0,c
   238  000084  0E24               	movlw	36
   239  000086  6E1D               	movwf	CCP1_Compare_Init_Default@comp_val^0,c
   240  000088  EC71  F000         	call	_CCP1_Compare_Init_Default	;wreg free
   241                           
   242                           ;inc/mcp2515_test.c: 216:     T1CON |= 0x01;
   243  00008C  80CD               	bsf	205,0,c	;volatile
   244                           
   245                           ;inc/mcp2515_test.c: 217:     (INTCONbits.PEIE = 1u);
   246  00008E  8CF2               	bsf	242,6,c	;volatile
   247                           
   248                           ;inc/mcp2515_test.c: 218:     (INTCONbits.GIE = 1);
   249  000090  8EF2               	bsf	242,7,c	;volatile
   250  000092                     l1170:
   251                           
   252                           ;inc/mcp2515_test.c: 223:         if(spi_ready_to_tx){
   253  000092  500B               	movf	_spi_ready_to_tx^0,w,c	;volatile
   254  000094  B4D8               	btfsc	status,2,c
   255  000096  D7FD               	goto	l1170
   256                           
   257                           ;inc/mcp2515_test.c: 225:             spi_tx_test_msg = 0x00;
   258  000098  0E00               	movlw	0
   259  00009A  6E0D               	movwf	_spi_tx_test_msg^0,c
   260                           
   261                           ;inc/mcp2515_test.c: 229:             spi_ready_to_tx = 0x00;
   262  00009C  0E00               	movlw	0
   263  00009E  6E0B               	movwf	_spi_ready_to_tx^0,c	;volatile
   264  0000A0  D7F8               	goto	l1170
   265  0000A2                     __end_of_main:
   266                           	callstack 0
   267                           
   268 ;; *************** function _can_init_default *****************
   269 ;; Defined at:
   270 ;;		line 45 in file "src/mcp2515.c"
   271 ;; Parameters:    Size  Location     Type
   272 ;;		None
   273 ;; Auto vars:     Size  Location     Type
   274 ;;		None
   275 ;; Return value:  Size  Location     Type
   276 ;;                  1    wreg      void 
   277 ;; Registers used:
   278 ;;		wreg, status,2, status,0, cstack
   279 ;; Tracked objects:
   280 ;;		On entry : 0/0
   281 ;;		On exit  : 0/0
   282 ;;		Unchanged: 0/0
   283 ;; Data sizes:     COMRAM   BANK0   BANK1   BANK2   BANK3   BANK4   BANK5   BANK6   BANK7   BANK8   BANK9  BANK10  BANK1
      +1  BANK12  BANK13  BANK14  BANK15
   284 ;;      Params:         0       0       0       0       0       0       0       0       0       0       0       0       
      +0       0       0       0       0
   285 ;;      Locals:         0       0       0       0       0       0       0       0       0       0       0       0       
      +0       0       0       0       0
   286 ;;      Temps:          0       0       0       0       0       0       0       0       0       0       0       0       
      +0       0       0       0       0
   287 ;;      Totals:         0       0       0       0       0       0       0       0       0       0       0       0       
      +0       0       0       0       0
   288 ;;Total ram usage:        0 bytes
   289 ;; Hardware stack levels used:    1
   290 ;; Hardware stack levels required when called:    2
   291 ;; This function calls:
   292 ;;		_SPI_Init_Master_Default
   293 ;;		_external_interrupts_init_default
   294 ;; This function is called by:
   295 ;;		_main
   296 ;; This function uses a non-reentrant model
   297 ;;
   298                           
   299                           	psect	text1
   300  000102                     __ptext1:
   301                           	callstack 0
   302  000102                     _can_init_default:
   303                           	callstack 28
   304                           
   305                           ;src/mcp2515.c: 48:     external_interrupts_init_default();
   306                           
   307                           ;incstack = 0
   308  000102  EC64  F000         	call	_external_interrupts_init_default	;wreg free
   309                           
   310                           ;src/mcp2515.c: 51:     SPI_Init_Master_Default();
   311  000106  EC51  F000         	call	_SPI_Init_Master_Default	;wreg free
   312  00010A  0012               	return		;funcret
   313  00010C                     __end_of_can_init_default:
   314                           	callstack 0
   315                           
   316 ;; *************** function _external_interrupts_init_default *****************
   317 ;; Defined at:
   318 ;;		line 26 in file "src/external_interrupts.c"
   319 ;; Parameters:    Size  Location     Type
   320 ;;		None
   321 ;; Auto vars:     Size  Location     Type
   322 ;;		None
   323 ;; Return value:  Size  Location     Type
   324 ;;                  1    wreg      void 
   325 ;; Registers used:
   326 ;;		wreg, status,2, status,0
   327 ;; Tracked objects:
   328 ;;		On entry : 0/0
   329 ;;		On exit  : 0/0
   330 ;;		Unchanged: 0/0
   331 ;; Data sizes:     COMRAM   BANK0   BANK1   BANK2   BANK3   BANK4   BANK5   BANK6   BANK7   BANK8   BANK9  BANK10  BANK1
      +1  BANK12  BANK13  BANK14  BANK15
   332 ;;      Params:         0       0       0       0       0       0       0       0       0       0       0       0       
      +0       0       0       0       0
   333 ;;      Locals:         0       0       0       0       0       0       0       0       0       0       0       0       
      +0       0       0       0       0
   334 ;;      Temps:          0       0       0       0       0       0       0       0       0       0       0       0       
      +0       0       0       0       0
   335 ;;      Totals:         0       0       0       0       0       0       0       0       0       0       0       0       
      +0       0       0       0       0
   336 ;;Total ram usage:        0 bytes
   337 ;; Hardware stack levels used:    1
   338 ;; Hardware stack levels required when called:    1
   339 ;; This function calls:
   340 ;;		Nothing
   341 ;; This function is called by:
   342 ;;		_can_init_default
   343 ;; This function uses a non-reentrant model
   344 ;;
   345                           
   346                           	psect	text2
   347  0000C8                     __ptext2:
   348                           	callstack 0
   349  0000C8                     _external_interrupts_init_default:
   350                           	callstack 28
   351                           
   352                           ;src/external_interrupts.c: 28:     (INTCON2 &= ~(0x70));
   353                           
   354                           ;incstack = 0
   355  0000C8  0E8F               	movlw	143
   356  0000CA  16F1               	andwf	241,f,c	;volatile
   357                           
   358                           ;src/external_interrupts.c: 29:     ADCON1bits.PCFG = 0xF; (TRISB |= 0x07);
   359  0000CC  0E0F               	movlw	15
   360  0000CE  12C1               	iorwf	193,f,c	;volatile
   361  0000D0  0E07               	movlw	7
   362  0000D2  1293               	iorwf	147,f,c	;volatile
   363                           
   364                           ;src/external_interrupts.c: 31:     (INTCONbits.INT0IE = 1u);
   365  0000D4  88F2               	bsf	242,4,c	;volatile
   366                           
   367                           ;src/external_interrupts.c: 32:     (INTCON3bits.INT1IE = 1u);
   368  0000D6  86F0               	bsf	240,3,c	;volatile
   369                           
   370                           ;src/external_interrupts.c: 33:     (INTCON3bits.INT2IE = 1u);
   371  0000D8  88F0               	bsf	240,4,c	;volatile
   372                           
   373                           ;src/external_interrupts.c: 36:     (INTCONbits.INT0IF = 0u);
   374  0000DA  92F2               	bcf	242,1,c	;volatile
   375                           
   376                           ;src/external_interrupts.c: 37:     (INTCON3bits.INT1IF = 0u);
   377  0000DC  90F0               	bcf	240,0,c	;volatile
   378                           
   379                           ;src/external_interrupts.c: 38:     (INTCON3bits.INT2IF = 0u);
   380  0000DE  92F0               	bcf	240,1,c	;volatile
   381  0000E0  0012               	return		;funcret
   382  0000E2                     __end_of_external_interrupts_init_default:
   383                           	callstack 0
   384                           
   385 ;; *************** function _SPI_Init_Master_Default *****************
   386 ;; Defined at:
   387 ;;		line 32 in file "src/mssp_spi_driver.c"
   388 ;; Parameters:    Size  Location     Type
   389 ;;		None
   390 ;; Auto vars:     Size  Location     Type
   391 ;;		None
   392 ;; Return value:  Size  Location     Type
   393 ;;                  1    wreg      void 
   394 ;; Registers used:
   395 ;;		wreg, status,2, status,0
   396 ;; Tracked objects:
   397 ;;		On entry : 0/0
   398 ;;		On exit  : 0/0
   399 ;;		Unchanged: 0/0
   400 ;; Data sizes:     COMRAM   BANK0   BANK1   BANK2   BANK3   BANK4   BANK5   BANK6   BANK7   BANK8   BANK9  BANK10  BANK1
      +1  BANK12  BANK13  BANK14  BANK15
   401 ;;      Params:         0       0       0       0       0       0       0       0       0       0       0       0       
      +0       0       0       0       0
   402 ;;      Locals:         0       0       0       0       0       0       0       0       0       0       0       0       
      +0       0       0       0       0
   403 ;;      Temps:          0       0       0       0       0       0       0       0       0       0       0       0       
      +0       0       0       0       0
   404 ;;      Totals:         0       0       0       0       0       0       0       0       0       0       0       0       
      +0       0       0       0       0
   405 ;;Total ram usage:        0 bytes
   406 ;; Hardware stack levels used:    1
   407 ;; Hardware stack levels required when called:    1
   408 ;; This function calls:
   409 ;;		Nothing
   410 ;; This function is called by:
   411 ;;		_can_init_default
   412 ;; This function uses a non-reentrant model
   413 ;;
   414                           
   415                           	psect	text3
   416  0000A2                     __ptext3:
   417                           	callstack 0
   418  0000A2                     _SPI_Init_Master_Default:
   419                           	callstack 28
   420                           
   421                           ;src/mssp_spi_driver.c: 34:     SSPCON1bits.SSPEN = 0;
   422                           
   423                           ;incstack = 0
   424  0000A2  9AC6               	bcf	198,5,c	;volatile
   425                           
   426                           ;src/mssp_spi_driver.c: 37:     SSPCON1 = 0x01 | 0x00;
   427  0000A4  0E01               	movlw	1
   428  0000A6  6EC6               	movwf	198,c	;volatile
   429                           
   430                           ;src/mssp_spi_driver.c: 38:     SSPSTAT = 0x40 | 0x00;
   431  0000A8  0E40               	movlw	64
   432  0000AA  6EC7               	movwf	199,c	;volatile
   433                           
   434                           ;src/mssp_spi_driver.c: 41:     TRISC |= 0x10; TRISC &= ~(0x28); TRISDbits.RD2 = 0;;
   435  0000AC  8894               	bsf	148,4,c	;volatile
   436  0000AE  0ED7               	movlw	215
   437  0000B0  1694               	andwf	148,f,c	;volatile
   438  0000B2  9495               	bcf	149,2,c	;volatile
   439                           
   440                           ;src/mssp_spi_driver.c: 44:     SSPCON1bits.SSPEN = 1;
   441  0000B4  8AC6               	bsf	198,5,c	;volatile
   442                           
   443                           ;src/mssp_spi_driver.c: 45:     SSPCON1bits.WCOL = 0;
   444  0000B6  9EC6               	bcf	198,7,c	;volatile
   445                           
   446                           ;src/mssp_spi_driver.c: 46:     SSPCON1bits.SSPOV = 0;
   447  0000B8  9CC6               	bcf	198,6,c	;volatile
   448                           
   449                           ;src/mssp_spi_driver.c: 47:     SSPBUF;
   450  0000BA  50C9               	movf	201,w,c	;volatile
   451                           
   452                           ;src/mssp_spi_driver.c: 48:     PIR1bits.SSPIF = 0;
   453  0000BC  969E               	bcf	158,3,c	;volatile
   454                           
   455                           ;src/mssp_spi_driver.c: 51:     LATDbits.LATD2 = 1;
   456  0000BE  848C               	bsf	140,2,c	;volatile
   457                           
   458                           ;src/mssp_spi_driver.c: 53:     spi_actor = SPI_MASTER;
   459  0000C0  0E00               	movlw	0
   460  0000C2  6E12               	movwf	_spi_actor^0,c
   461                           
   462                           ;src/mssp_spi_driver.c: 56:     PIE1bits.SSPIE = 1;
   463  0000C4  869D               	bsf	157,3,c	;volatile
   464  0000C6  0012               	return		;funcret
   465  0000C8                     __end_of_SPI_Init_Master_Default:
   466                           	callstack 0
   467                           
   468 ;; *************** function _Timer1_Init_Default *****************
   469 ;; Defined at:
   470 ;;		line 31 in file "src/timer.c"
   471 ;; Parameters:    Size  Location     Type
   472 ;;		None
   473 ;; Auto vars:     Size  Location     Type
   474 ;;		None
   475 ;; Return value:  Size  Location     Type
   476 ;;                  1    wreg      void 
   477 ;; Registers used:
   478 ;;		wreg, status,2, status,0
   479 ;; Tracked objects:
   480 ;;		On entry : 0/0
   481 ;;		On exit  : 0/0
   482 ;;		Unchanged: 0/0
   483 ;; Data sizes:     COMRAM   BANK0   BANK1   BANK2   BANK3   BANK4   BANK5   BANK6   BANK7   BANK8   BANK9  BANK10  BANK1
      +1  BANK12  BANK13  BANK14  BANK15
   484 ;;      Params:         0       0       0       0       0       0       0       0       0       0       0       0       
      +0       0       0       0       0
   485 ;;      Locals:         0       0       0       0       0       0       0       0       0       0       0       0       
      +0       0       0       0       0
   486 ;;      Temps:          0       0       0       0       0       0       0       0       0       0       0       0       
      +0       0       0       0       0
   487 ;;      Totals:         0       0       0       0       0       0       0       0       0       0       0       0       
      +0       0       0       0       0
   488 ;;Total ram usage:        0 bytes
   489 ;; Hardware stack levels used:    1
   490 ;; Hardware stack levels required when called:    1
   491 ;; This function calls:
   492 ;;		Nothing
   493 ;; This function is called by:
   494 ;;		_main
   495 ;; This function uses a non-reentrant model
   496 ;;
   497                           
   498                           	psect	text4
   499  0000F6                     __ptext4:
   500                           	callstack 0
   501  0000F6                     _Timer1_Init_Default:
   502                           	callstack 29
   503                           
   504                           ;src/timer.c: 32:     T1CON = 0x80;
   505                           
   506                           ;incstack = 0
   507  0000F6  0E80               	movlw	128
   508  0000F8  6ECD               	movwf	205,c	;volatile
   509                           
   510                           ;src/timer.c: 33:     T1CON |= 0x30;
   511  0000FA  0E30               	movlw	48
   512  0000FC  12CD               	iorwf	205,f,c	;volatile
   513                           
   514                           ;src/timer.c: 34:     (PIE1bits.TMR1IE = 1u);
   515  0000FE  809D               	bsf	157,0,c	;volatile
   516  000100  0012               	return		;funcret
   517  000102                     __end_of_Timer1_Init_Default:
   518                           	callstack 0
   519                           
   520 ;; *************** function _CCP1_Compare_Init_Default *****************
   521 ;; Defined at:
   522 ;;		line 42 in file "src/ccp.c"
   523 ;; Parameters:    Size  Location     Type
   524 ;;  comp_val        2    0[COMRAM] unsigned short 
   525 ;; Auto vars:     Size  Location     Type
   526 ;;		None
   527 ;; Return value:  Size  Location     Type
   528 ;;                  1    wreg      void 
   529 ;; Registers used:
   530 ;;		wreg, status,2, status,0
   531 ;; Tracked objects:
   532 ;;		On entry : 0/0
   533 ;;		On exit  : 0/0
   534 ;;		Unchanged: 0/0
   535 ;; Data sizes:     COMRAM   BANK0   BANK1   BANK2   BANK3   BANK4   BANK5   BANK6   BANK7   BANK8   BANK9  BANK10  BANK1
      +1  BANK12  BANK13  BANK14  BANK15
   536 ;;      Params:         2       0       0       0       0       0       0       0       0       0       0       0       
      +0       0       0       0       0
   537 ;;      Locals:         0       0       0       0       0       0       0       0       0       0       0       0       
      +0       0       0       0       0
   538 ;;      Temps:          0       0       0       0       0       0       0       0       0       0       0       0       
      +0       0       0       0       0
   539 ;;      Totals:         2       0       0       0       0       0       0       0       0       0       0       0       
      +0       0       0       0       0
   540 ;;Total ram usage:        2 bytes
   541 ;; Hardware stack levels used:    1
   542 ;; Hardware stack levels required when called:    1
   543 ;; This function calls:
   544 ;;		Nothing
   545 ;; This function is called by:
   546 ;;		_main
   547 ;; This function uses a non-reentrant model
   548 ;;
   549                           
   550                           	psect	text5
   551  0000E2                     __ptext5:
   552                           	callstack 0
   553  0000E2                     _CCP1_Compare_Init_Default:
   554                           	callstack 29
   555                           
   556                           ;src/ccp.c: 43:     (CCP1CON = 0xB);
   557                           
   558                           ;incstack = 0
   559  0000E2  0E0B               	movlw	11
   560  0000E4  6EBD               	movwf	189,c	;volatile
   561                           
   562                           ;src/ccp.c: 44:     (T3CON &= ~0x48);
   563  0000E6  0EB7               	movlw	183
   564  0000E8  16B1               	andwf	177,f,c	;volatile
   565                           
   566                           ;src/ccp.c: 45:     (CCPR1 = comp_val);
   567  0000EA  C01D  FFBE         	movff	CCP1_Compare_Init_Default@comp_val,4030	;volatile
   568  0000EE  C01E  FFBF         	movff	CCP1_Compare_Init_Default@comp_val+1,4031	;volatile
   569                           
   570                           ;src/ccp.c: 46:     (PIE1bits.CCP1IE = 1u);
   571  0000F2  849D               	bsf	157,2,c	;volatile
   572  0000F4  0012               	return		;funcret
   573  0000F6                     __end_of_CCP1_Compare_Init_Default:
   574                           	callstack 0
   575                           
   576 ;; *************** function _isr *****************
   577 ;; Defined at:
   578 ;;		line 134 in file "inc/mcp2515_test.c"
   579 ;; Parameters:    Size  Location     Type
   580 ;;		None
   581 ;; Auto vars:     Size  Location     Type
   582 ;;		None
   583 ;; Return value:  Size  Location     Type
   584 ;;                  1    wreg      void 
   585 ;; Registers used:
   586 ;;		wreg, status,2
   587 ;; Tracked objects:
   588 ;;		On entry : 0/0
   589 ;;		On exit  : 0/0
   590 ;;		Unchanged: 0/0
   591 ;; Data sizes:     COMRAM   BANK0   BANK1   BANK2   BANK3   BANK4   BANK5   BANK6   BANK7   BANK8   BANK9  BANK10  BANK1
      +1  BANK12  BANK13  BANK14  BANK15
   592 ;;      Params:         0       0       0       0       0       0       0       0       0       0       0       0       
      +0       0       0       0       0
   593 ;;      Locals:         0       0       0       0       0       0       0       0       0       0       0       0       
      +0       0       0       0       0
   594 ;;      Temps:          0       0       0       0       0       0       0       0       0       0       0       0       
      +0       0       0       0       0
   595 ;;      Totals:         0       0       0       0       0       0       0       0       0       0       0       0       
      +0       0       0       0       0
   596 ;;Total ram usage:        0 bytes
   597 ;; Hardware stack levels used:    1
   598 ;; This function calls:
   599 ;;		Nothing
   600 ;; This function is called by:
   601 ;;		Interrupt level 2
   602 ;; This function uses a non-reentrant model
   603 ;;
   604                           
   605                           	psect	intcode
   606  000008                     __pintcode:
   607                           	callstack 0
   608  000008                     _isr:
   609                           	callstack 28
   610                           
   611                           ;incstack = 0
   612  000008  821F               	bsf	btemp,1,c	;set compiler interrupt flag (level 2)
   613  00000A  ED24  F000         	call	int_func,f	;refresh shadow registers
   614                           
   615                           	psect	intcode_body
   616  000048                     __pintcode_body:
   617                           	callstack 28
   618  000048                     int_func:
   619                           	callstack 28
   620  000048  0006               	pop		; remove dummy address from shadow register refresh
   621                           
   622                           ;inc/mcp2515_test.c: 140:     if(PIR1bits.SSPIF && PIE1bits.SSPIE) {
   623  00004A  B69E               	btfsc	158,3,c	;volatile
   624  00004C  A69D               	btfss	157,3,c	;volatile
   625  00004E  D003               	goto	i2l1126
   626                           
   627                           ;inc/mcp2515_test.c: 142:         transfer_complete_flag = 0x01;
   628  000050  0E01               	movlw	1
   629  000052  6E10               	movwf	_transfer_complete_flag^0,c
   630                           
   631                           ;inc/mcp2515_test.c: 158:         PIR1bits.SSPIF = 0;
   632  000054  969E               	bcf	158,3,c	;volatile
   633  000056                     i2l1126:
   634                           
   635                           ;inc/mcp2515_test.c: 166:     if(PIR1bits.CCP1IF && PIE1bits.CCP1IE){
   636  000056  B49E               	btfsc	158,2,c	;volatile
   637  000058  A49D               	btfss	157,2,c	;volatile
   638  00005A  D00C               	goto	i2l353
   639                           
   640                           ;inc/mcp2515_test.c: 169:         if(tmr_100ms_next){
   641  00005C  500E               	movf	_tmr_100ms_next^0,w,c	;volatile
   642  00005E  B4D8               	btfsc	status,2,c
   643  000060  D004               	goto	i2l1136
   644                           
   645                           ;inc/mcp2515_test.c: 171:             tmr_100ms_next = 0x00;
   646  000062  0E00               	movlw	0
   647  000064  6E0E               	movwf	_tmr_100ms_next^0,c	;volatile
   648                           
   649                           ;inc/mcp2515_test.c: 174:             spi_ready_to_tx = 0x01;
   650  000066  0E01               	movlw	1
   651  000068  D003               	goto	L1
   652  00006A                     i2l1136:
   653                           
   654                           ;inc/mcp2515_test.c: 180:             tmr_100ms_next = 0x01;
   655  00006A  0E01               	movlw	1
   656  00006C  6E0E               	movwf	_tmr_100ms_next^0,c	;volatile
   657                           
   658                           ;inc/mcp2515_test.c: 181:             spi_ready_to_tx = 0x00;
   659  00006E  0E00               	movlw	0
   660  000070                     L1:
   661  000070  6E0B               	movwf	_spi_ready_to_tx^0,c	;volatile
   662                           
   663                           ;inc/mcp2515_test.c: 183:             (PIR1bits.CCP1IF = 0u);
   664  000072  949E               	bcf	158,2,c	;volatile
   665  000074                     i2l353:
   666  000074  921F               	bcf	btemp,1,c	;clear compiler interrupt flag (level 2)
   667  000076  0011               	retfie		f
   668  000078                     __end_of_isr:
   669                           	callstack 0
   670  0000                     
   671                           	psect	rparam
   672  0000                     
   673                           	psect	temp
   674  00001F                     btemp:
   675                           	callstack 0
   676  00001F                     	ds	1
   677  0000                     int$flags	set	btemp
   678  0000                     wtemp8	set	btemp+1
   679  0000                     ttemp5	set	btemp+1
   680  0000                     ttemp6	set	btemp+4
   681  0000                     ttemp7	set	btemp+8
   682                           
   683                           	psect	idloc
   684                           
   685                           ;Config register IDLOC0 @ 0x200000
   686                           ;	unspecified, using default values
   687  200000                     	org	2097152
   688  200000  FF                 	db	255
   689                           
   690                           ;Config register IDLOC1 @ 0x200001
   691                           ;	unspecified, using default values
   692  200001                     	org	2097153
   693  200001  FF                 	db	255
   694                           
   695                           ;Config register IDLOC2 @ 0x200002
   696                           ;	unspecified, using default values
   697  200002                     	org	2097154
   698  200002  FF                 	db	255
   699                           
   700                           ;Config register IDLOC3 @ 0x200003
   701                           ;	unspecified, using default values
   702  200003                     	org	2097155
   703  200003  FF                 	db	255
   704                           
   705                           ;Config register IDLOC4 @ 0x200004
   706                           ;	unspecified, using default values
   707  200004                     	org	2097156
   708  200004  FF                 	db	255
   709                           
   710                           ;Config register IDLOC5 @ 0x200005
   711                           ;	unspecified, using default values
   712  200005                     	org	2097157
   713  200005  FF                 	db	255
   714                           
   715                           ;Config register IDLOC6 @ 0x200006
   716                           ;	unspecified, using default values
   717  200006                     	org	2097158
   718  200006  FF                 	db	255
   719                           
   720                           ;Config register IDLOC7 @ 0x200007
   721                           ;	unspecified, using default values
   722  200007                     	org	2097159
   723  200007  FF                 	db	255
   724                           
   725                           	psect	config
   726                           
   727                           ; Padding undefined space
   728  300000                     	org	3145728
   729  300000  FF                 	db	255
   730                           
   731                           ;Config register CONFIG1H @ 0x300001
   732                           ;	Oscillator Selection bits
   733                           ;	OSC = HSPLL, HS oscillator, PLL enabled (Clock Frequency = 4 x FOSC1)
   734                           ;	Fail-Safe Clock Monitor Enable bit
   735                           ;	FCMEN = OFF, Fail-Safe Clock Monitor disabled
   736                           ;	Internal/External Oscillator Switchover bit
   737                           ;	IESO = OFF, Oscillator Switchover mode disabled
   738  300001                     	org	3145729
   739  300001  06                 	db	6
   740                           
   741                           ;Config register CONFIG2L @ 0x300002
   742                           ;	Power-up Timer Enable bit
   743                           ;	PWRT = OFF, PWRT disabled
   744                           ;	Brown-out Reset Enable bits
   745                           ;	BOREN = SBORDIS, Brown-out Reset enabled in hardware only (SBOREN is disabled)
   746                           ;	Brown Out Reset Voltage bits
   747                           ;	BORV = 3, Minimum setting
   748  300002                     	org	3145730
   749  300002  1F                 	db	31
   750                           
   751                           ;Config register CONFIG2H @ 0x300003
   752                           ;	Watchdog Timer Enable bit
   753                           ;	WDT = OFF, WDT disabled (control is placed on the SWDTEN bit)
   754                           ;	Watchdog Timer Postscale Select bits
   755                           ;	WDTPS = 32768, 1:32768
   756  300003                     	org	3145731
   757  300003  1E                 	db	30
   758                           
   759                           ; Padding undefined space
   760  300004                     	org	3145732
   761  300004  FF                 	db	255
   762                           
   763                           ;Config register CONFIG3H @ 0x300005
   764                           ;	CCP2 MUX bit
   765                           ;	CCP2MX = PORTBE, CCP2 input/output is multiplexed with RB3
   766                           ;	PORTB A/D Enable bit
   767                           ;	PBADEN = OFF, PORTB<4:0> pins are configured as digital I/O on Reset
   768                           ;	Low-Power Timer1 Oscillator Enable bit
   769                           ;	LPT1OSC = OFF, Timer1 configured for higher power operation
   770                           ;	MCLR Pin Enable bit
   771                           ;	MCLRE = ON, MCLR pin enabled; RE3 input pin disabled
   772  300005                     	org	3145733
   773  300005  80                 	db	128
   774                           
   775                           ;Config register CONFIG4L @ 0x300006
   776                           ;	Stack Full/Underflow Reset Enable bit
   777                           ;	STVREN = ON, Stack full/underflow will cause Reset
   778                           ;	Single-Supply ICSP Enable bit
   779                           ;	LVP = OFF, Single-Supply ICSP disabled
   780                           ;	Extended Instruction Set Enable bit
   781                           ;	XINST = OFF, Instruction set extension and Indexed Addressing mode disabled (Legacy mo
      +                          de)
   782                           ;	Background Debugger Enable bit
   783                           ;	DEBUG = 0x1, unprogrammed default
   784  300006                     	org	3145734
   785  300006  81                 	db	129
   786                           
   787                           ; Padding undefined space
   788  300007                     	org	3145735
   789  300007  FF                 	db	255
   790                           
   791                           ;Config register CONFIG5L @ 0x300008
   792                           ;	Code Protection bit
   793                           ;	CP0 = OFF, Block 0 (000800-003FFFh) not code-protected
   794                           ;	Code Protection bit
   795                           ;	CP1 = OFF, Block 1 (004000-007FFFh) not code-protected
   796                           ;	Code Protection bit
   797                           ;	CP2 = OFF, Block 2 (008000-00BFFFh) not code-protected
   798                           ;	Code Protection bit
   799                           ;	CP3 = OFF, Block 3 (00C000-00FFFFh) not code-protected
   800  300008                     	org	3145736
   801  300008  0F                 	db	15
   802                           
   803                           ;Config register CONFIG5H @ 0x300009
   804                           ;	Boot Block Code Protection bit
   805                           ;	CPB = OFF, Boot block (000000-0007FFh) not code-protected
   806                           ;	Data EEPROM Code Protection bit
   807                           ;	CPD = OFF, Data EEPROM not code-protected
   808  300009                     	org	3145737
   809  300009  C0                 	db	192
   810                           
   811                           ;Config register CONFIG6L @ 0x30000A
   812                           ;	Write Protection bit
   813                           ;	WRT0 = OFF, Block 0 (000800-003FFFh) not write-protected
   814                           ;	Write Protection bit
   815                           ;	WRT1 = OFF, Block 1 (004000-007FFFh) not write-protected
   816                           ;	Write Protection bit
   817                           ;	WRT2 = OFF, Block 2 (008000-00BFFFh) not write-protected
   818                           ;	Write Protection bit
   819                           ;	WRT3 = OFF, Block 3 (00C000-00FFFFh) not write-protected
   820  30000A                     	org	3145738
   821  30000A  0F                 	db	15
   822                           
   823                           ;Config register CONFIG6H @ 0x30000B
   824                           ;	Configuration Register Write Protection bit
   825                           ;	WRTC = OFF, Configuration registers (300000-3000FFh) not write-protected
   826                           ;	Boot Block Write Protection bit
   827                           ;	WRTB = OFF, Boot Block (000000-0007FFh) not write-protected
   828                           ;	Data EEPROM Write Protection bit
   829                           ;	WRTD = OFF, Data EEPROM not write-protected
   830  30000B                     	org	3145739
   831  30000B  E0                 	db	224
   832                           
   833                           ;Config register CONFIG7L @ 0x30000C
   834                           ;	Table Read Protection bit
   835                           ;	EBTR0 = OFF, Block 0 (000800-003FFFh) not protected from table reads executed in other
      +                           blocks
   836                           ;	Table Read Protection bit
   837                           ;	EBTR1 = OFF, Block 1 (004000-007FFFh) not protected from table reads executed in other
      +                           blocks
   838                           ;	Table Read Protection bit
   839                           ;	EBTR2 = OFF, Block 2 (008000-00BFFFh) not protected from table reads executed in other
      +                           blocks
   840                           ;	Table Read Protection bit
   841                           ;	EBTR3 = OFF, Block 3 (00C000-00FFFFh) not protected from table reads executed in other
      +                           blocks
   842  30000C                     	org	3145740
   843  30000C  0F                 	db	15
   844                           
   845                           ;Config register CONFIG7H @ 0x30000D
   846                           ;	Boot Block Table Read Protection bit
   847                           ;	EBTRB = OFF, Boot Block (000000-0007FFh) not protected from table reads executed in ot
      +                          her blocks
   848  30000D                     	org	3145741
   849  30000D  40                 	db	64
   850                           tosu	equ	0xFFF
   851                           tosh	equ	0xFFE
   852                           tosl	equ	0xFFD
   853                           stkptr	equ	0xFFC
   854                           pclatu	equ	0xFFB
   855                           pclath	equ	0xFFA
   856                           pcl	equ	0xFF9
   857                           tblptru	equ	0xFF8
   858                           tblptrh	equ	0xFF7
   859                           tblptrl	equ	0xFF6
   860                           tablat	equ	0xFF5
   861                           prodh	equ	0xFF4
   862                           prodl	equ	0xFF3
   863                           indf0	equ	0xFEF
   864                           postinc0	equ	0xFEE
   865                           postdec0	equ	0xFED
   866                           preinc0	equ	0xFEC
   867                           plusw0	equ	0xFEB
   868                           fsr0h	equ	0xFEA
   869                           fsr0l	equ	0xFE9
   870                           wreg	equ	0xFE8
   871                           indf1	equ	0xFE7
   872                           postinc1	equ	0xFE6
   873                           postdec1	equ	0xFE5
   874                           preinc1	equ	0xFE4
   875                           plusw1	equ	0xFE3
   876                           fsr1h	equ	0xFE2
   877                           fsr1l	equ	0xFE1
   878                           bsr	equ	0xFE0
   879                           indf2	equ	0xFDF
   880                           postinc2	equ	0xFDE
   881                           postdec2	equ	0xFDD
   882                           preinc2	equ	0xFDC
   883                           plusw2	equ	0xFDB
   884                           fsr2h	equ	0xFDA
   885                           fsr2l	equ	0xFD9
   886                           status	equ	0xFD8

Data Sizes:
    Strings     0
    Constant    0
    Data        4
    BSS         24
    Persistent  0
    Stack       0

Auto Spaces:
    Space          Size  Autos    Used
    COMRAM          126      2      30
    BANK0           128      0       0
    BANK1           256      0       0
    BANK2           256      0       0
    BANK3           256      0       0
    BANK4           256      0       0
    BANK5           256      0       0
    BANK6           256      0       0
    BANK7           256      0       0
    BANK8           256      0       0
    BANK9           256      0       0
    BANK10          256      0       0
    BANK11          256      0       0
    BANK12          256      0       0
    BANK13          256      0       0
    BANK14          256      0       0
    BANK15          128      0       0

Pointer List with Targets:

    None.

Critical Paths under _main in COMRAM

    _main->_CCP1_Compare_Init_Default

Critical Paths under _isr in COMRAM

    None.

Critical Paths under _main in BANK0

    None.

Critical Paths under _isr in BANK0

    None.

Critical Paths under _main in BANK1

    None.

Critical Paths under _isr in BANK1

    None.

Critical Paths under _main in BANK2

    None.

Critical Paths under _isr in BANK2

    None.

Critical Paths under _main in BANK3

    None.

Critical Paths under _isr in BANK3

    None.

Critical Paths under _main in BANK4

    None.

Critical Paths under _isr in BANK4

    None.

Critical Paths under _main in BANK5

    None.

Critical Paths under _isr in BANK5

    None.

Critical Paths under _main in BANK6

    None.

Critical Paths under _isr in BANK6

    None.

Critical Paths under _main in BANK7

    None.

Critical Paths under _isr in BANK7

    None.

Critical Paths under _main in BANK8

    None.

Critical Paths under _isr in BANK8

    None.

Critical Paths under _main in BANK9

    None.

Critical Paths under _isr in BANK9

    None.

Critical Paths under _main in BANK10

    None.

Critical Paths under _isr in BANK10

    None.

Critical Paths under _main in BANK11

    None.

Critical Paths under _isr in BANK11

    None.

Critical Paths under _main in BANK12

    None.

Critical Paths under _isr in BANK12

    None.

Critical Paths under _main in BANK13

    None.

Critical Paths under _isr in BANK13

    None.

Critical Paths under _main in BANK14

    None.

Critical Paths under _isr in BANK14

    None.

Critical Paths under _main in BANK15

    None.

Critical Paths under _isr in BANK15

    None.

Call Graph Tables:

 ---------------------------------------------------------------------------------
 (Depth) Function   	        Calls       Base Space   Used Autos Params    Refs
 ---------------------------------------------------------------------------------
 (0) _main                                                 0     0      0      98
          _CCP1_Compare_Init_Default
                _Timer1_Init_Default
                   _can_init_default
 ---------------------------------------------------------------------------------
 (1) _can_init_default                                     0     0      0       0
            _SPI_Init_Master_Default
   _external_interrupts_init_default
 ---------------------------------------------------------------------------------
 (2) _external_interrupts_init_default                     0     0      0       0
 ---------------------------------------------------------------------------------
 (2) _SPI_Init_Master_Default                              0     0      0       0
 ---------------------------------------------------------------------------------
 (1) _Timer1_Init_Default                                  0     0      0       0
 ---------------------------------------------------------------------------------
 (1) _CCP1_Compare_Init_Default                            2     0      2      98
                                              0 COMRAM     2     0      2
 ---------------------------------------------------------------------------------
 Estimated maximum stack depth 2
 ---------------------------------------------------------------------------------
 (Depth) Function   	        Calls       Base Space   Used Autos Params    Refs
 ---------------------------------------------------------------------------------
 (3) _isr                                                  0     0      0       0
 ---------------------------------------------------------------------------------
 Estimated maximum stack depth 3
 ---------------------------------------------------------------------------------

 Call Graph Graphs:

 _main (ROOT)
   _CCP1_Compare_Init_Default
   _Timer1_Init_Default
   _can_init_default
     _SPI_Init_Master_Default
     _external_interrupts_init_default

 _isr (ROOT)

 Address spaces:
Name               Size   Autos  Total    Cost      Usage
BIGRAM             F7F      0       0      37        0.0%
EEDATA             400      0       0       0        0.0%
BITBANK14          100      0       0      32        0.0%
BANK14             100      0       0      33        0.0%
BITBANK13          100      0       0      30        0.0%
BANK13             100      0       0      31        0.0%
BITBANK12          100      0       0      28        0.0%
BANK12             100      0       0      29        0.0%
BITBANK11          100      0       0      26        0.0%
BANK11             100      0       0      27        0.0%
BITBANK10          100      0       0      24        0.0%
BANK10             100      0       0      25        0.0%
BITBANK9           100      0       0      22        0.0%
BANK9              100      0       0      23        0.0%
BITBANK8           100      0       0      20        0.0%
BANK8              100      0       0      21        0.0%
BITBANK7           100      0       0      18        0.0%
BANK7              100      0       0      19        0.0%
BITBANK6           100      0       0      16        0.0%
BANK6              100      0       0      17        0.0%
BITBANK5           100      0       0      14        0.0%
BANK5              100      0       0      15        0.0%
BITBANK4           100      0       0      12        0.0%
BANK4              100      0       0      13        0.0%
BITBANK3           100      0       0      10        0.0%
BANK3              100      0       0      11        0.0%
BITBANK2           100      0       0       8        0.0%
BANK2              100      0       0       9        0.0%
BITBANK1           100      0       0       6        0.0%
BANK1              100      0       0       7        0.0%
BITBANK15           80      0       0      35        0.0%
BANK15              80      0       0      36        0.0%
BITBANK0            80      0       0       4        0.0%
BANK0               80      0       0       5        0.0%
BITCOMRAM           7E      0       0       0        0.0%
COMRAM              7E      2      1E       1       23.8%
BITSFR               0      0       0     200        0.0%
SFR                  0      0       0     200        0.0%
STACK                0      0       0       2        0.0%
NULL                 0      0       0       0        0.0%
ABS                  0      0      1E      34        0.0%
DATA                 0      0      1E       3        0.0%
CODE                 0      0       0       0        0.0%


Microchip Technology PIC18 Macro Assembler V2.31 build 20201012212115 
Symbol Table                                                                                   Thu Nov 11 20:42:54 2021

       __size_of_CCP1_Compare_Init_Default 0014                 ?_CCP1_Compare_Init_Default 001D  
                   _transfer_complete_flag 0010                                        _isr 0008  
                                      wreg 000FE8                         _current_entry_mode 001A  
                                     l1170 0092                                       ?_isr 001D  
                                     _main 0078                                       fsr1l 000FE1  
                                     btemp 001F                                       start 000E  
                             ___param_bank 000000           __size_of_SPI_Init_Master_Default 0026  
        __end_of_CCP1_Compare_Init_Default 00F6                                      ??_isr 001D  
                                    ?_main 001D                                      _CCPR1 000FBE  
                                    _T1CON 000FCD                                      _T3CON 000FB1  
             LCD_write_uint32_number@F2549 0001                                      i2l353 0074  
                                    _TRISB 000F93                                      _TRISC 000F94  
                                    tablat 000FF5                                      ttemp5 0020  
                                    ttemp6 0023                                      ttemp7 0027  
                                    status 000FD8                                      wtemp8 0020  
              __end_of_Timer1_Init_Default 0102                            __initialization 0012  
                             __end_of_main 00A2                                     ??_main 001F  
                            __activetblptr 000000                  __size_of_can_init_default 000A  
                                   i2l1126 0056                                     i2l1136 006A  
                                   _SSPBUF 000FC9                                     clear_0 0038  
                             __pdataCOMRAM 0019                                     tblptrh 000FF7  
                                   tblptrl 000FF6                                     tblptru 000FF8  
                           _tmr_100ms_next 000E                                 __accesstop 0080  
                  __end_of__initialization 003E                              ___rparam_used 000001  
                  _SPI_Init_Master_Default 00A2                             __pcstackCOMRAM 001D  
              ??_CCP1_Compare_Init_Default 001F                              _init_complete 0016  
                                  _CCP1CON 000FBD                           _can_init_default 0102  
                                  _INTCON2 000FF1                  _CCP1_Compare_Init_Default 00E2  
                                  _SSPCON1 000FC6                                    _SSPSTAT 000FC7  
                ??_SPI_Init_Master_Default 001D                                    __Hparam 0000  
                                  __Lparam 0000                                    __pcinit 0012  
                                  __ramtop 1000                                    __ptext0 0078  
                                  __ptext1 0102                                    __ptext2 00C8  
                                  __ptext3 00A2                                    __ptext4 00F6  
                                  __ptext5 00E2                               __size_of_isr 0070  
                           __pintcode_body 0048                       end_of_initialization 003E  
                                  int_func 0048                                 _shift_mode 0015  
                                  postdec1 000FE5                                    postinc0 000FEE  
                               _slave_mode 0011               __size_of_Timer1_Init_Default 000C  
                          _address_counter 0014                               _CURRENT_DISP 0018  
                                _TRISDbits 000F95                           _current_func_set 0019  
                            __pidataCOMRAM 010C                        start_initialization 0012  
                              __end_of_isr 0078                   __end_of_can_init_default 010C  
                              __pbssCOMRAM 0001                                  __pintcode 0008  
                                _disp_16x2 001B                        _Timer1_Init_Default 00F6  
                             _receive_byte 0013                                   _LATDbits 000F8C  
                                 _PIE1bits 000F9D                              _DISP_BIT_MODE 0017  
                                 _PIR1bits 000F9E   __end_of_external_interrupts_init_default 00E2  
__size_of_external_interrupts_init_default 001A         ??_external_interrupts_init_default 001D  
        ?_external_interrupts_init_default 001D           _external_interrupts_init_default 00C8  
                     ?_Timer1_Init_Default 001D                                  _spi_actor 0012  
                          _spi_ready_to_tx 000B                                 _ADCON1bits 000FC1  
                              _INTCON3bits 000FF0                                  copy_data0 0026  
                 ?_SPI_Init_Master_Default 001D                                   __Hrparam 0000  
                                 __Lrparam 0000                      ??_Timer1_Init_Default 001D  
                            __size_of_main 002A                          ?_can_init_default 001D  
                       ??_can_init_default 001D                                   int$flags 001F  
                               _INTCONbits 000FF2            __end_of_SPI_Init_Master_Default 00C8  
                                 intlevel2 0000          CCP1_Compare_Init_Default@comp_val 001D  
                          _spi_tx_test_msg 000D                             _spi_rx_msg_buf 000C  
                          _manual_transfer 000F                                _SSPCON1bits 000FC6  
                        _current_disp_ctrl 001C  
